<<<<<<< HEAD
ARM GAS  /var/folders/ck/4xtm3skj1ssb0w4rn7_4q_gw0000gn/T//ccfNnI9y.s 			page 1
=======
ARM GAS  /var/folders/ck/4xtm3skj1ssb0w4rn7_4q_gw0000gn/T//ccpwjhIR.s 			page 1
>>>>>>> 8014290a4e73a4bcc694909df24c79fa8737d68c


   1              		.syntax unified
   2              		.cpu cortex-m4
   3              		.eabi_attribute 27, 1
   4              		.eabi_attribute 28, 1
   5              		.fpu fpv4-sp-d16
   6              		.eabi_attribute 20, 1
   7              		.eabi_attribute 21, 1
   8              		.eabi_attribute 23, 3
   9              		.eabi_attribute 24, 1
  10              		.eabi_attribute 25, 1
  11              		.eabi_attribute 26, 1
  12              		.eabi_attribute 30, 1
  13              		.eabi_attribute 34, 1
  14              		.eabi_attribute 18, 4
  15              		.thumb
  16              		.file	"stm32f4xx_hal_msp.c"
  17              		.text
  18              	.Ltext0:
  19              		.cfi_sections	.debug_frame
  20              		.section	.text.HAL_MspInit,"ax",%progbits
  21              		.align	2
  22              		.global	HAL_MspInit
  23              		.thumb
  24              		.thumb_func
  26              	HAL_MspInit:
  27              	.LFB123:
  28              		.file 1 "Src/stm32f4xx_hal_msp.c"
   1:Src/stm32f4xx_hal_msp.c **** /**
   2:Src/stm32f4xx_hal_msp.c ****   ******************************************************************************
   3:Src/stm32f4xx_hal_msp.c ****   * File Name          : stm32f4xx_hal_msp.c
   4:Src/stm32f4xx_hal_msp.c ****   * Description        : This file provides code for the MSP Initialization 
   5:Src/stm32f4xx_hal_msp.c ****   *                      and de-Initialization codes.
   6:Src/stm32f4xx_hal_msp.c ****   ******************************************************************************
   7:Src/stm32f4xx_hal_msp.c ****   ** This notice applies to any and all portions of this file
   8:Src/stm32f4xx_hal_msp.c ****   * that are not between comment pairs USER CODE BEGIN and
   9:Src/stm32f4xx_hal_msp.c ****   * USER CODE END. Other portions of this file, whether 
  10:Src/stm32f4xx_hal_msp.c ****   * inserted by the user or by software development tools
  11:Src/stm32f4xx_hal_msp.c ****   * are owned by their respective copyright owners.
  12:Src/stm32f4xx_hal_msp.c ****   *
  13:Src/stm32f4xx_hal_msp.c ****   * COPYRIGHT(c) 2018 STMicroelectronics
  14:Src/stm32f4xx_hal_msp.c ****   *
  15:Src/stm32f4xx_hal_msp.c ****   * Redistribution and use in source and binary forms, with or without modification,
  16:Src/stm32f4xx_hal_msp.c ****   * are permitted provided that the following conditions are met:
  17:Src/stm32f4xx_hal_msp.c ****   *   1. Redistributions of source code must retain the above copyright notice,
  18:Src/stm32f4xx_hal_msp.c ****   *      this list of conditions and the following disclaimer.
  19:Src/stm32f4xx_hal_msp.c ****   *   2. Redistributions in binary form must reproduce the above copyright notice,
  20:Src/stm32f4xx_hal_msp.c ****   *      this list of conditions and the following disclaimer in the documentation
  21:Src/stm32f4xx_hal_msp.c ****   *      and/or other materials provided with the distribution.
  22:Src/stm32f4xx_hal_msp.c ****   *   3. Neither the name of STMicroelectronics nor the names of its contributors
  23:Src/stm32f4xx_hal_msp.c ****   *      may be used to endorse or promote products derived from this software
  24:Src/stm32f4xx_hal_msp.c ****   *      without specific prior written permission.
  25:Src/stm32f4xx_hal_msp.c ****   *
  26:Src/stm32f4xx_hal_msp.c ****   * THIS SOFTWARE IS PROVIDED BY THE COPYRIGHT HOLDERS AND CONTRIBUTORS "AS IS"
  27:Src/stm32f4xx_hal_msp.c ****   * AND ANY EXPRESS OR IMPLIED WARRANTIES, INCLUDING, BUT NOT LIMITED TO, THE
  28:Src/stm32f4xx_hal_msp.c ****   * IMPLIED WARRANTIES OF MERCHANTABILITY AND FITNESS FOR A PARTICULAR PURPOSE ARE
  29:Src/stm32f4xx_hal_msp.c ****   * DISCLAIMED. IN NO EVENT SHALL THE COPYRIGHT HOLDER OR CONTRIBUTORS BE LIABLE
  30:Src/stm32f4xx_hal_msp.c ****   * FOR ANY DIRECT, INDIRECT, INCIDENTAL, SPECIAL, EXEMPLARY, OR CONSEQUENTIAL
<<<<<<< HEAD
ARM GAS  /var/folders/ck/4xtm3skj1ssb0w4rn7_4q_gw0000gn/T//ccfNnI9y.s 			page 2
=======
ARM GAS  /var/folders/ck/4xtm3skj1ssb0w4rn7_4q_gw0000gn/T//ccpwjhIR.s 			page 2
>>>>>>> 8014290a4e73a4bcc694909df24c79fa8737d68c


  31:Src/stm32f4xx_hal_msp.c ****   * DAMAGES (INCLUDING, BUT NOT LIMITED TO, PROCUREMENT OF SUBSTITUTE GOODS OR
  32:Src/stm32f4xx_hal_msp.c ****   * SERVICES; LOSS OF USE, DATA, OR PROFITS; OR BUSINESS INTERRUPTION) HOWEVER
  33:Src/stm32f4xx_hal_msp.c ****   * CAUSED AND ON ANY THEORY OF LIABILITY, WHETHER IN CONTRACT, STRICT LIABILITY,
  34:Src/stm32f4xx_hal_msp.c ****   * OR TORT (INCLUDING NEGLIGENCE OR OTHERWISE) ARISING IN ANY WAY OUT OF THE USE
  35:Src/stm32f4xx_hal_msp.c ****   * OF THIS SOFTWARE, EVEN IF ADVISED OF THE POSSIBILITY OF SUCH DAMAGE.
  36:Src/stm32f4xx_hal_msp.c ****   *
  37:Src/stm32f4xx_hal_msp.c ****   ******************************************************************************
  38:Src/stm32f4xx_hal_msp.c ****   */
  39:Src/stm32f4xx_hal_msp.c **** /* Includes ------------------------------------------------------------------*/
  40:Src/stm32f4xx_hal_msp.c **** #include "stm32f4xx_hal.h"
  41:Src/stm32f4xx_hal_msp.c **** 
<<<<<<< HEAD
  42:Src/stm32f4xx_hal_msp.c **** extern DMA_HandleTypeDef hdma_adc1;
  43:Src/stm32f4xx_hal_msp.c **** 
  44:Src/stm32f4xx_hal_msp.c **** extern void _Error_Handler(char *, int);
  45:Src/stm32f4xx_hal_msp.c **** /* USER CODE BEGIN 0 */
  46:Src/stm32f4xx_hal_msp.c **** 
  47:Src/stm32f4xx_hal_msp.c **** /* USER CODE END 0 */
  48:Src/stm32f4xx_hal_msp.c **** /**
  49:Src/stm32f4xx_hal_msp.c ****   * Initializes the Global MSP.
  50:Src/stm32f4xx_hal_msp.c ****   */
  51:Src/stm32f4xx_hal_msp.c **** void HAL_MspInit(void)
  52:Src/stm32f4xx_hal_msp.c **** {
  29              		.loc 1 52 0
=======
  42:Src/stm32f4xx_hal_msp.c **** extern void _Error_Handler(char *, int);
  43:Src/stm32f4xx_hal_msp.c **** /* USER CODE BEGIN 0 */
  44:Src/stm32f4xx_hal_msp.c **** 
  45:Src/stm32f4xx_hal_msp.c **** /* USER CODE END 0 */
  46:Src/stm32f4xx_hal_msp.c **** /**
  47:Src/stm32f4xx_hal_msp.c ****   * Initializes the Global MSP.
  48:Src/stm32f4xx_hal_msp.c ****   */
  49:Src/stm32f4xx_hal_msp.c **** void HAL_MspInit(void)
  50:Src/stm32f4xx_hal_msp.c **** {
  29              		.loc 1 50 0
>>>>>>> 8014290a4e73a4bcc694909df24c79fa8737d68c
  30              		.cfi_startproc
  31              		@ args = 0, pretend = 0, frame = 8
  32              		@ frame_needed = 0, uses_anonymous_args = 0
  33 0000 10B5     		push	{r4, lr}
  34              	.LCFI0:
  35              		.cfi_def_cfa_offset 8
  36              		.cfi_offset 4, -8
  37              		.cfi_offset 14, -4
  38 0002 82B0     		sub	sp, sp, #8
  39              	.LCFI1:
  40              		.cfi_def_cfa_offset 16
  41              	.LBB2:
<<<<<<< HEAD
  53:Src/stm32f4xx_hal_msp.c ****   /* USER CODE BEGIN MspInit 0 */
  54:Src/stm32f4xx_hal_msp.c **** 
  55:Src/stm32f4xx_hal_msp.c ****   /* USER CODE END MspInit 0 */
  56:Src/stm32f4xx_hal_msp.c **** 
  57:Src/stm32f4xx_hal_msp.c ****   __HAL_RCC_SYSCFG_CLK_ENABLE();
  42              		.loc 1 57 0
=======
  51:Src/stm32f4xx_hal_msp.c ****   /* USER CODE BEGIN MspInit 0 */
  52:Src/stm32f4xx_hal_msp.c **** 
  53:Src/stm32f4xx_hal_msp.c ****   /* USER CODE END MspInit 0 */
  54:Src/stm32f4xx_hal_msp.c **** 
  55:Src/stm32f4xx_hal_msp.c ****   __HAL_RCC_SYSCFG_CLK_ENABLE();
  42              		.loc 1 55 0
>>>>>>> 8014290a4e73a4bcc694909df24c79fa8737d68c
  43 0004 0024     		movs	r4, #0
  44 0006 0094     		str	r4, [sp]
  45 0008 214B     		ldr	r3, .L3
  46 000a 5A6C     		ldr	r2, [r3, #68]
  47 000c 42F48042 		orr	r2, r2, #16384
  48 0010 5A64     		str	r2, [r3, #68]
  49 0012 5A6C     		ldr	r2, [r3, #68]
  50 0014 02F48042 		and	r2, r2, #16384
  51 0018 0092     		str	r2, [sp]
  52 001a 009A     		ldr	r2, [sp]
  53              	.LBE2:
  54              	.LBB3:
<<<<<<< HEAD
  58:Src/stm32f4xx_hal_msp.c ****   __HAL_RCC_PWR_CLK_ENABLE();
  55              		.loc 1 58 0
  56 001c 0194     		str	r4, [sp, #4]
  57 001e 1A6C     		ldr	r2, [r3, #64]
ARM GAS  /var/folders/ck/4xtm3skj1ssb0w4rn7_4q_gw0000gn/T//ccfNnI9y.s 			page 3


  58 0020 42F08052 		orr	r2, r2, #268435456
  59 0024 1A64     		str	r2, [r3, #64]
=======
  56:Src/stm32f4xx_hal_msp.c ****   __HAL_RCC_PWR_CLK_ENABLE();
  55              		.loc 1 56 0
  56 001c 0194     		str	r4, [sp, #4]
  57 001e 1A6C     		ldr	r2, [r3, #64]
  58 0020 42F08052 		orr	r2, r2, #268435456
  59 0024 1A64     		str	r2, [r3, #64]
ARM GAS  /var/folders/ck/4xtm3skj1ssb0w4rn7_4q_gw0000gn/T//ccpwjhIR.s 			page 3


>>>>>>> 8014290a4e73a4bcc694909df24c79fa8737d68c
  60 0026 1B6C     		ldr	r3, [r3, #64]
  61 0028 03F08053 		and	r3, r3, #268435456
  62 002c 0193     		str	r3, [sp, #4]
  63 002e 019B     		ldr	r3, [sp, #4]
  64              	.LBE3:
<<<<<<< HEAD
  59:Src/stm32f4xx_hal_msp.c **** 
  60:Src/stm32f4xx_hal_msp.c ****   HAL_NVIC_SetPriorityGrouping(NVIC_PRIORITYGROUP_4);
  65              		.loc 1 60 0
  66 0030 0320     		movs	r0, #3
  67 0032 FFF7FEFF 		bl	HAL_NVIC_SetPriorityGrouping
  68              	.LVL0:
  61:Src/stm32f4xx_hal_msp.c **** 
  62:Src/stm32f4xx_hal_msp.c ****   /* System interrupt init*/
  63:Src/stm32f4xx_hal_msp.c ****   /* MemoryManagement_IRQn interrupt configuration */
  64:Src/stm32f4xx_hal_msp.c ****   HAL_NVIC_SetPriority(MemoryManagement_IRQn, 0, 0);
  69              		.loc 1 64 0
=======
  57:Src/stm32f4xx_hal_msp.c **** 
  58:Src/stm32f4xx_hal_msp.c ****   HAL_NVIC_SetPriorityGrouping(NVIC_PRIORITYGROUP_4);
  65              		.loc 1 58 0
  66 0030 0320     		movs	r0, #3
  67 0032 FFF7FEFF 		bl	HAL_NVIC_SetPriorityGrouping
  68              	.LVL0:
  59:Src/stm32f4xx_hal_msp.c **** 
  60:Src/stm32f4xx_hal_msp.c ****   /* System interrupt init*/
  61:Src/stm32f4xx_hal_msp.c ****   /* MemoryManagement_IRQn interrupt configuration */
  62:Src/stm32f4xx_hal_msp.c ****   HAL_NVIC_SetPriority(MemoryManagement_IRQn, 0, 0);
  69              		.loc 1 62 0
>>>>>>> 8014290a4e73a4bcc694909df24c79fa8737d68c
  70 0036 6FF00B00 		mvn	r0, #11
  71 003a 2146     		mov	r1, r4
  72 003c 2246     		mov	r2, r4
  73 003e FFF7FEFF 		bl	HAL_NVIC_SetPriority
  74              	.LVL1:
<<<<<<< HEAD
  65:Src/stm32f4xx_hal_msp.c ****   /* BusFault_IRQn interrupt configuration */
  66:Src/stm32f4xx_hal_msp.c ****   HAL_NVIC_SetPriority(BusFault_IRQn, 0, 0);
  75              		.loc 1 66 0
=======
  63:Src/stm32f4xx_hal_msp.c ****   /* BusFault_IRQn interrupt configuration */
  64:Src/stm32f4xx_hal_msp.c ****   HAL_NVIC_SetPriority(BusFault_IRQn, 0, 0);
  75              		.loc 1 64 0
>>>>>>> 8014290a4e73a4bcc694909df24c79fa8737d68c
  76 0042 6FF00A00 		mvn	r0, #10
  77 0046 2146     		mov	r1, r4
  78 0048 2246     		mov	r2, r4
  79 004a FFF7FEFF 		bl	HAL_NVIC_SetPriority
  80              	.LVL2:
<<<<<<< HEAD
  67:Src/stm32f4xx_hal_msp.c ****   /* UsageFault_IRQn interrupt configuration */
  68:Src/stm32f4xx_hal_msp.c ****   HAL_NVIC_SetPriority(UsageFault_IRQn, 0, 0);
  81              		.loc 1 68 0
=======
  65:Src/stm32f4xx_hal_msp.c ****   /* UsageFault_IRQn interrupt configuration */
  66:Src/stm32f4xx_hal_msp.c ****   HAL_NVIC_SetPriority(UsageFault_IRQn, 0, 0);
  81              		.loc 1 66 0
>>>>>>> 8014290a4e73a4bcc694909df24c79fa8737d68c
  82 004e 6FF00900 		mvn	r0, #9
  83 0052 2146     		mov	r1, r4
  84 0054 2246     		mov	r2, r4
  85 0056 FFF7FEFF 		bl	HAL_NVIC_SetPriority
  86              	.LVL3:
<<<<<<< HEAD
  69:Src/stm32f4xx_hal_msp.c ****   /* SVCall_IRQn interrupt configuration */
  70:Src/stm32f4xx_hal_msp.c ****   HAL_NVIC_SetPriority(SVCall_IRQn, 0, 0);
  87              		.loc 1 70 0
=======
  67:Src/stm32f4xx_hal_msp.c ****   /* SVCall_IRQn interrupt configuration */
  68:Src/stm32f4xx_hal_msp.c ****   HAL_NVIC_SetPriority(SVCall_IRQn, 0, 0);
  87              		.loc 1 68 0
>>>>>>> 8014290a4e73a4bcc694909df24c79fa8737d68c
  88 005a 6FF00400 		mvn	r0, #4
  89 005e 2146     		mov	r1, r4
  90 0060 2246     		mov	r2, r4
  91 0062 FFF7FEFF 		bl	HAL_NVIC_SetPriority
  92              	.LVL4:
<<<<<<< HEAD
  71:Src/stm32f4xx_hal_msp.c ****   /* DebugMonitor_IRQn interrupt configuration */
  72:Src/stm32f4xx_hal_msp.c ****   HAL_NVIC_SetPriority(DebugMonitor_IRQn, 0, 0);
  93              		.loc 1 72 0
=======
  69:Src/stm32f4xx_hal_msp.c ****   /* DebugMonitor_IRQn interrupt configuration */
  70:Src/stm32f4xx_hal_msp.c ****   HAL_NVIC_SetPriority(DebugMonitor_IRQn, 0, 0);
  93              		.loc 1 70 0
>>>>>>> 8014290a4e73a4bcc694909df24c79fa8737d68c
  94 0066 6FF00300 		mvn	r0, #3
  95 006a 2146     		mov	r1, r4
  96 006c 2246     		mov	r2, r4
  97 006e FFF7FEFF 		bl	HAL_NVIC_SetPriority
  98              	.LVL5:
<<<<<<< HEAD
  73:Src/stm32f4xx_hal_msp.c ****   /* PendSV_IRQn interrupt configuration */
  74:Src/stm32f4xx_hal_msp.c ****   HAL_NVIC_SetPriority(PendSV_IRQn, 0, 0);
ARM GAS  /var/folders/ck/4xtm3skj1ssb0w4rn7_4q_gw0000gn/T//ccfNnI9y.s 			page 4


  99              		.loc 1 74 0
 100 0072 6FF00100 		mvn	r0, #1
=======
  71:Src/stm32f4xx_hal_msp.c ****   /* PendSV_IRQn interrupt configuration */
  72:Src/stm32f4xx_hal_msp.c ****   HAL_NVIC_SetPriority(PendSV_IRQn, 0, 0);
  99              		.loc 1 72 0
 100 0072 6FF00100 		mvn	r0, #1
ARM GAS  /var/folders/ck/4xtm3skj1ssb0w4rn7_4q_gw0000gn/T//ccpwjhIR.s 			page 4


>>>>>>> 8014290a4e73a4bcc694909df24c79fa8737d68c
 101 0076 2146     		mov	r1, r4
 102 0078 2246     		mov	r2, r4
 103 007a FFF7FEFF 		bl	HAL_NVIC_SetPriority
 104              	.LVL6:
<<<<<<< HEAD
  75:Src/stm32f4xx_hal_msp.c ****   /* SysTick_IRQn interrupt configuration */
  76:Src/stm32f4xx_hal_msp.c ****   HAL_NVIC_SetPriority(SysTick_IRQn, 0, 0);
 105              		.loc 1 76 0
=======
  73:Src/stm32f4xx_hal_msp.c ****   /* SysTick_IRQn interrupt configuration */
  74:Src/stm32f4xx_hal_msp.c ****   HAL_NVIC_SetPriority(SysTick_IRQn, 0, 0);
 105              		.loc 1 74 0
>>>>>>> 8014290a4e73a4bcc694909df24c79fa8737d68c
 106 007e 4FF0FF30 		mov	r0, #-1
 107 0082 2146     		mov	r1, r4
 108 0084 2246     		mov	r2, r4
 109 0086 FFF7FEFF 		bl	HAL_NVIC_SetPriority
 110              	.LVL7:
<<<<<<< HEAD
  77:Src/stm32f4xx_hal_msp.c **** 
  78:Src/stm32f4xx_hal_msp.c ****   /* USER CODE BEGIN MspInit 1 */
  79:Src/stm32f4xx_hal_msp.c **** 
  80:Src/stm32f4xx_hal_msp.c ****   /* USER CODE END MspInit 1 */
  81:Src/stm32f4xx_hal_msp.c **** }
 111              		.loc 1 81 0
=======
  75:Src/stm32f4xx_hal_msp.c **** 
  76:Src/stm32f4xx_hal_msp.c ****   /* USER CODE BEGIN MspInit 1 */
  77:Src/stm32f4xx_hal_msp.c **** 
  78:Src/stm32f4xx_hal_msp.c ****   /* USER CODE END MspInit 1 */
  79:Src/stm32f4xx_hal_msp.c **** }
 111              		.loc 1 79 0
>>>>>>> 8014290a4e73a4bcc694909df24c79fa8737d68c
 112 008a 02B0     		add	sp, sp, #8
 113              	.LCFI2:
 114              		.cfi_def_cfa_offset 8
 115              		@ sp needed
 116 008c 10BD     		pop	{r4, pc}
 117              	.L4:
 118 008e 00BF     		.align	2
 119              	.L3:
 120 0090 00380240 		.word	1073887232
 121              		.cfi_endproc
 122              	.LFE123:
 124              		.section	.text.HAL_ADC_MspInit,"ax",%progbits
 125              		.align	2
 126              		.global	HAL_ADC_MspInit
 127              		.thumb
 128              		.thumb_func
 130              	HAL_ADC_MspInit:
 131              	.LFB124:
<<<<<<< HEAD
  82:Src/stm32f4xx_hal_msp.c **** 
  83:Src/stm32f4xx_hal_msp.c **** void HAL_ADC_MspInit(ADC_HandleTypeDef* hadc)
  84:Src/stm32f4xx_hal_msp.c **** {
 132              		.loc 1 84 0
=======
  80:Src/stm32f4xx_hal_msp.c **** 
  81:Src/stm32f4xx_hal_msp.c **** void HAL_ADC_MspInit(ADC_HandleTypeDef* hadc)
  82:Src/stm32f4xx_hal_msp.c **** {
 132              		.loc 1 82 0
>>>>>>> 8014290a4e73a4bcc694909df24c79fa8737d68c
 133              		.cfi_startproc
 134              		@ args = 0, pretend = 0, frame = 24
 135              		@ frame_needed = 0, uses_anonymous_args = 0
 136              	.LVL8:
<<<<<<< HEAD
  85:Src/stm32f4xx_hal_msp.c **** 
  86:Src/stm32f4xx_hal_msp.c ****   GPIO_InitTypeDef GPIO_InitStruct;
  87:Src/stm32f4xx_hal_msp.c ****   if(hadc->Instance==ADC1)
 137              		.loc 1 87 0
 138 0000 0268     		ldr	r2, [r0]
 139 0002 1F4B     		ldr	r3, .L10
 140 0004 9A42     		cmp	r2, r3
 141 0006 3AD1     		bne	.L9
  84:Src/stm32f4xx_hal_msp.c **** 
 142              		.loc 1 84 0
 143 0008 30B5     		push	{r4, r5, lr}
ARM GAS  /var/folders/ck/4xtm3skj1ssb0w4rn7_4q_gw0000gn/T//ccfNnI9y.s 			page 5


 144              	.LCFI3:
 145              		.cfi_def_cfa_offset 12
 146              		.cfi_offset 4, -12
 147              		.cfi_offset 5, -8
 148              		.cfi_offset 14, -4
 149 000a 87B0     		sub	sp, sp, #28
 150              	.LCFI4:
 151              		.cfi_def_cfa_offset 40
 152 000c 0446     		mov	r4, r0
 153              	.LBB4:
  88:Src/stm32f4xx_hal_msp.c ****   {
  89:Src/stm32f4xx_hal_msp.c ****   /* USER CODE BEGIN ADC1_MspInit 0 */
  90:Src/stm32f4xx_hal_msp.c **** 
  91:Src/stm32f4xx_hal_msp.c ****   /* USER CODE END ADC1_MspInit 0 */
  92:Src/stm32f4xx_hal_msp.c ****     /* Peripheral clock enable */
  93:Src/stm32f4xx_hal_msp.c ****     __HAL_RCC_ADC1_CLK_ENABLE();
 154              		.loc 1 93 0
 155 000e 0025     		movs	r5, #0
 156 0010 0095     		str	r5, [sp]
 157 0012 03F58C33 		add	r3, r3, #71680
 158 0016 5A6C     		ldr	r2, [r3, #68]
 159 0018 42F48072 		orr	r2, r2, #256
 160 001c 5A64     		str	r2, [r3, #68]
 161 001e 5B6C     		ldr	r3, [r3, #68]
 162 0020 03F48073 		and	r3, r3, #256
 163 0024 0093     		str	r3, [sp]
 164 0026 009B     		ldr	r3, [sp]
 165              	.LBE4:
  94:Src/stm32f4xx_hal_msp.c ****   
  95:Src/stm32f4xx_hal_msp.c ****     /**ADC1 GPIO Configuration    
  96:Src/stm32f4xx_hal_msp.c ****     PA0-WKUP     ------> ADC1_IN0 
  97:Src/stm32f4xx_hal_msp.c ****     */
  98:Src/stm32f4xx_hal_msp.c ****     GPIO_InitStruct.Pin = GPIO_PIN_0;
 166              		.loc 1 98 0
 167 0028 0123     		movs	r3, #1
 168 002a 0193     		str	r3, [sp, #4]
  99:Src/stm32f4xx_hal_msp.c ****     GPIO_InitStruct.Mode = GPIO_MODE_ANALOG;
 169              		.loc 1 99 0
 170 002c 0323     		movs	r3, #3
 171 002e 0293     		str	r3, [sp, #8]
 100:Src/stm32f4xx_hal_msp.c ****     GPIO_InitStruct.Pull = GPIO_NOPULL;
 172              		.loc 1 100 0
 173 0030 0395     		str	r5, [sp, #12]
 101:Src/stm32f4xx_hal_msp.c ****     HAL_GPIO_Init(GPIOA, &GPIO_InitStruct);
 174              		.loc 1 101 0
 175 0032 1448     		ldr	r0, .L10+4
 176              	.LVL9:
 177 0034 01A9     		add	r1, sp, #4
 178 0036 FFF7FEFF 		bl	HAL_GPIO_Init
 179              	.LVL10:
 102:Src/stm32f4xx_hal_msp.c **** 
 103:Src/stm32f4xx_hal_msp.c ****     /* ADC1 DMA Init */
 104:Src/stm32f4xx_hal_msp.c ****     /* ADC1 Init */
 105:Src/stm32f4xx_hal_msp.c ****     hdma_adc1.Instance = DMA2_Stream0;
 180              		.loc 1 105 0
 181 003a 1348     		ldr	r0, .L10+8
 182 003c 134B     		ldr	r3, .L10+12
ARM GAS  /var/folders/ck/4xtm3skj1ssb0w4rn7_4q_gw0000gn/T//ccfNnI9y.s 			page 6


 183 003e 0360     		str	r3, [r0]
 106:Src/stm32f4xx_hal_msp.c ****     hdma_adc1.Init.Channel = DMA_CHANNEL_0;
 184              		.loc 1 106 0
 185 0040 4560     		str	r5, [r0, #4]
 107:Src/stm32f4xx_hal_msp.c ****     hdma_adc1.Init.Direction = DMA_PERIPH_TO_MEMORY;
 186              		.loc 1 107 0
 187 0042 8560     		str	r5, [r0, #8]
 108:Src/stm32f4xx_hal_msp.c ****     hdma_adc1.Init.PeriphInc = DMA_PINC_DISABLE;
 188              		.loc 1 108 0
 189 0044 C560     		str	r5, [r0, #12]
 109:Src/stm32f4xx_hal_msp.c ****     hdma_adc1.Init.MemInc = DMA_MINC_ENABLE;
 190              		.loc 1 109 0
 191 0046 4FF48063 		mov	r3, #1024
 192 004a 0361     		str	r3, [r0, #16]
 110:Src/stm32f4xx_hal_msp.c ****     hdma_adc1.Init.PeriphDataAlignment = DMA_PDATAALIGN_WORD;
 193              		.loc 1 110 0
 194 004c 4FF48053 		mov	r3, #4096
 195 0050 4361     		str	r3, [r0, #20]
 111:Src/stm32f4xx_hal_msp.c ****     hdma_adc1.Init.MemDataAlignment = DMA_MDATAALIGN_WORD;
 196              		.loc 1 111 0
 197 0052 4FF48043 		mov	r3, #16384
 198 0056 8361     		str	r3, [r0, #24]
 112:Src/stm32f4xx_hal_msp.c ****     hdma_adc1.Init.Mode = DMA_CIRCULAR;
 199              		.loc 1 112 0
 200 0058 4FF48073 		mov	r3, #256
 201 005c C361     		str	r3, [r0, #28]
 113:Src/stm32f4xx_hal_msp.c ****     hdma_adc1.Init.Priority = DMA_PRIORITY_HIGH;
 202              		.loc 1 113 0
 203 005e 4FF40033 		mov	r3, #131072
 204 0062 0362     		str	r3, [r0, #32]
 114:Src/stm32f4xx_hal_msp.c ****     hdma_adc1.Init.FIFOMode = DMA_FIFOMODE_DISABLE;
 205              		.loc 1 114 0
 206 0064 4562     		str	r5, [r0, #36]
 115:Src/stm32f4xx_hal_msp.c ****     if (HAL_DMA_Init(&hdma_adc1) != HAL_OK)
 207              		.loc 1 115 0
 208 0066 FFF7FEFF 		bl	HAL_DMA_Init
 209              	.LVL11:
 210 006a 18B1     		cbz	r0, .L7
 116:Src/stm32f4xx_hal_msp.c ****     {
 117:Src/stm32f4xx_hal_msp.c ****       _Error_Handler(__FILE__, __LINE__);
 211              		.loc 1 117 0
 212 006c 0848     		ldr	r0, .L10+16
 213 006e 7521     		movs	r1, #117
 214 0070 FFF7FEFF 		bl	_Error_Handler
 215              	.LVL12:
 216              	.L7:
 118:Src/stm32f4xx_hal_msp.c ****     }
 119:Src/stm32f4xx_hal_msp.c **** 
 120:Src/stm32f4xx_hal_msp.c ****     __HAL_LINKDMA(hadc,DMA_Handle,hdma_adc1);
 217              		.loc 1 120 0
 218 0074 044B     		ldr	r3, .L10+8
 219 0076 A363     		str	r3, [r4, #56]
 220 0078 9C63     		str	r4, [r3, #56]
 121:Src/stm32f4xx_hal_msp.c **** 
 122:Src/stm32f4xx_hal_msp.c ****   /* USER CODE BEGIN ADC1_MspInit 1 */
 123:Src/stm32f4xx_hal_msp.c **** 
 124:Src/stm32f4xx_hal_msp.c ****   /* USER CODE END ADC1_MspInit 1 */
ARM GAS  /var/folders/ck/4xtm3skj1ssb0w4rn7_4q_gw0000gn/T//ccfNnI9y.s 			page 7


 125:Src/stm32f4xx_hal_msp.c ****   }
 126:Src/stm32f4xx_hal_msp.c **** 
 127:Src/stm32f4xx_hal_msp.c **** }
 221              		.loc 1 127 0
 222 007a 07B0     		add	sp, sp, #28
 223              	.LCFI5:
 224              		.cfi_def_cfa_offset 12
 225              		@ sp needed
 226 007c 30BD     		pop	{r4, r5, pc}
 227              	.LVL13:
 228              	.L9:
 229              	.LCFI6:
 230              		.cfi_def_cfa_offset 0
 231              		.cfi_restore 4
 232              		.cfi_restore 5
 233              		.cfi_restore 14
 234 007e 7047     		bx	lr
 235              	.L11:
 236              		.align	2
 237              	.L10:
 238 0080 00200140 		.word	1073815552
 239 0084 00000240 		.word	1073872896
 240 0088 00000000 		.word	hdma_adc1
 241 008c 10640240 		.word	1073898512
 242 0090 00000000 		.word	.LC0
 243              		.cfi_endproc
 244              	.LFE124:
 246              		.section	.text.HAL_ADC_MspDeInit,"ax",%progbits
 247              		.align	2
 248              		.global	HAL_ADC_MspDeInit
 249              		.thumb
 250              		.thumb_func
 252              	HAL_ADC_MspDeInit:
 253              	.LFB125:
 128:Src/stm32f4xx_hal_msp.c **** 
 129:Src/stm32f4xx_hal_msp.c **** void HAL_ADC_MspDeInit(ADC_HandleTypeDef* hadc)
 130:Src/stm32f4xx_hal_msp.c **** {
 254              		.loc 1 130 0
 255              		.cfi_startproc
 256              		@ args = 0, pretend = 0, frame = 0
 257              		@ frame_needed = 0, uses_anonymous_args = 0
 258              	.LVL14:
 131:Src/stm32f4xx_hal_msp.c **** 
 132:Src/stm32f4xx_hal_msp.c ****   if(hadc->Instance==ADC1)
 259              		.loc 1 132 0
 260 0000 0268     		ldr	r2, [r0]
 261 0002 094B     		ldr	r3, .L16
 262 0004 9A42     		cmp	r2, r3
 263 0006 0ED1     		bne	.L15
 130:Src/stm32f4xx_hal_msp.c **** 
 264              		.loc 1 130 0
 265 0008 10B5     		push	{r4, lr}
 266              	.LCFI7:
 267              		.cfi_def_cfa_offset 8
 268              		.cfi_offset 4, -8
 269              		.cfi_offset 14, -4
 270 000a 0446     		mov	r4, r0
ARM GAS  /var/folders/ck/4xtm3skj1ssb0w4rn7_4q_gw0000gn/T//ccfNnI9y.s 			page 8


 133:Src/stm32f4xx_hal_msp.c ****   {
 134:Src/stm32f4xx_hal_msp.c ****   /* USER CODE BEGIN ADC1_MspDeInit 0 */
 135:Src/stm32f4xx_hal_msp.c **** 
 136:Src/stm32f4xx_hal_msp.c ****   /* USER CODE END ADC1_MspDeInit 0 */
 137:Src/stm32f4xx_hal_msp.c ****     /* Peripheral clock disable */
 138:Src/stm32f4xx_hal_msp.c ****     __HAL_RCC_ADC1_CLK_DISABLE();
 271              		.loc 1 138 0
 272 000c 074A     		ldr	r2, .L16+4
 273 000e 536C     		ldr	r3, [r2, #68]
 274 0010 23F48073 		bic	r3, r3, #256
 275 0014 5364     		str	r3, [r2, #68]
 139:Src/stm32f4xx_hal_msp.c ****   
 140:Src/stm32f4xx_hal_msp.c ****     /**ADC1 GPIO Configuration    
 141:Src/stm32f4xx_hal_msp.c ****     PA0-WKUP     ------> ADC1_IN0 
 142:Src/stm32f4xx_hal_msp.c ****     */
 143:Src/stm32f4xx_hal_msp.c ****     HAL_GPIO_DeInit(GPIOA, GPIO_PIN_0);
 276              		.loc 1 143 0
 277 0016 0648     		ldr	r0, .L16+8
 278              	.LVL15:
 279 0018 0121     		movs	r1, #1
 280 001a FFF7FEFF 		bl	HAL_GPIO_DeInit
 281              	.LVL16:
 144:Src/stm32f4xx_hal_msp.c **** 
 145:Src/stm32f4xx_hal_msp.c ****     /* ADC1 DMA DeInit */
 146:Src/stm32f4xx_hal_msp.c ****     HAL_DMA_DeInit(hadc->DMA_Handle);
 282              		.loc 1 146 0
 283 001e A06B     		ldr	r0, [r4, #56]
 284 0020 FFF7FEFF 		bl	HAL_DMA_DeInit
 285              	.LVL17:
 286 0024 10BD     		pop	{r4, pc}
 287              	.LVL18:
 288              	.L15:
 289              	.LCFI8:
 290              		.cfi_def_cfa_offset 0
 291              		.cfi_restore 4
 292              		.cfi_restore 14
 293 0026 7047     		bx	lr
 294              	.L17:
 295              		.align	2
 296              	.L16:
 297 0028 00200140 		.word	1073815552
 298 002c 00380240 		.word	1073887232
 299 0030 00000240 		.word	1073872896
 300              		.cfi_endproc
 301              	.LFE125:
 303              		.section	.text.HAL_I2C_MspInit,"ax",%progbits
 304              		.align	2
 305              		.global	HAL_I2C_MspInit
 306              		.thumb
 307              		.thumb_func
 309              	HAL_I2C_MspInit:
 310              	.LFB126:
 147:Src/stm32f4xx_hal_msp.c ****   /* USER CODE BEGIN ADC1_MspDeInit 1 */
 148:Src/stm32f4xx_hal_msp.c **** 
 149:Src/stm32f4xx_hal_msp.c ****   /* USER CODE END ADC1_MspDeInit 1 */
 150:Src/stm32f4xx_hal_msp.c ****   }
 151:Src/stm32f4xx_hal_msp.c **** 
ARM GAS  /var/folders/ck/4xtm3skj1ssb0w4rn7_4q_gw0000gn/T//ccfNnI9y.s 			page 9


 152:Src/stm32f4xx_hal_msp.c **** }
 153:Src/stm32f4xx_hal_msp.c **** 
 154:Src/stm32f4xx_hal_msp.c **** void HAL_I2C_MspInit(I2C_HandleTypeDef* hi2c)
 155:Src/stm32f4xx_hal_msp.c **** {
 311              		.loc 1 155 0
 312              		.cfi_startproc
 313              		@ args = 0, pretend = 0, frame = 24
 314              		@ frame_needed = 0, uses_anonymous_args = 0
 315              	.LVL19:
 156:Src/stm32f4xx_hal_msp.c **** 
 157:Src/stm32f4xx_hal_msp.c ****   GPIO_InitTypeDef GPIO_InitStruct;
 158:Src/stm32f4xx_hal_msp.c ****   if(hi2c->Instance==I2C1)
 316              		.loc 1 158 0
 317 0000 0268     		ldr	r2, [r0]
 318 0002 124B     		ldr	r3, .L22
 319 0004 9A42     		cmp	r2, r3
 320 0006 1FD1     		bne	.L21
 155:Src/stm32f4xx_hal_msp.c **** 
 321              		.loc 1 155 0
 322 0008 00B5     		push	{lr}
 323              	.LCFI9:
 324              		.cfi_def_cfa_offset 4
 325              		.cfi_offset 14, -4
 326 000a 87B0     		sub	sp, sp, #28
 327              	.LCFI10:
 328              		.cfi_def_cfa_offset 32
 159:Src/stm32f4xx_hal_msp.c ****   {
 160:Src/stm32f4xx_hal_msp.c ****   /* USER CODE BEGIN I2C1_MspInit 0 */
 161:Src/stm32f4xx_hal_msp.c **** 
 162:Src/stm32f4xx_hal_msp.c ****   /* USER CODE END I2C1_MspInit 0 */
 163:Src/stm32f4xx_hal_msp.c ****   
 164:Src/stm32f4xx_hal_msp.c ****     /**I2C1 GPIO Configuration    
 165:Src/stm32f4xx_hal_msp.c ****     PB6     ------> I2C1_SCL
 166:Src/stm32f4xx_hal_msp.c ****     PB7     ------> I2C1_SDA 
 167:Src/stm32f4xx_hal_msp.c ****     */
 168:Src/stm32f4xx_hal_msp.c ****     GPIO_InitStruct.Pin = GPIO_PIN_6|GPIO_PIN_7;
 329              		.loc 1 168 0
 330 000c C023     		movs	r3, #192
 331 000e 0193     		str	r3, [sp, #4]
 169:Src/stm32f4xx_hal_msp.c ****     GPIO_InitStruct.Mode = GPIO_MODE_AF_OD;
 332              		.loc 1 169 0
 333 0010 1223     		movs	r3, #18
 334 0012 0293     		str	r3, [sp, #8]
 170:Src/stm32f4xx_hal_msp.c ****     GPIO_InitStruct.Pull = GPIO_PULLUP;
 335              		.loc 1 170 0
 336 0014 0123     		movs	r3, #1
 337 0016 0393     		str	r3, [sp, #12]
 171:Src/stm32f4xx_hal_msp.c ****     GPIO_InitStruct.Speed = GPIO_SPEED_FREQ_VERY_HIGH;
 338              		.loc 1 171 0
 339 0018 0323     		movs	r3, #3
 340 001a 0493     		str	r3, [sp, #16]
 172:Src/stm32f4xx_hal_msp.c ****     GPIO_InitStruct.Alternate = GPIO_AF4_I2C1;
 341              		.loc 1 172 0
 342 001c 0423     		movs	r3, #4
 343 001e 0593     		str	r3, [sp, #20]
 173:Src/stm32f4xx_hal_msp.c ****     HAL_GPIO_Init(GPIOB, &GPIO_InitStruct);
 344              		.loc 1 173 0
ARM GAS  /var/folders/ck/4xtm3skj1ssb0w4rn7_4q_gw0000gn/T//ccfNnI9y.s 			page 10


 345 0020 0B48     		ldr	r0, .L22+4
 346              	.LVL20:
 347 0022 0DEB0301 		add	r1, sp, r3
 348 0026 FFF7FEFF 		bl	HAL_GPIO_Init
 349              	.LVL21:
 350              	.LBB5:
 174:Src/stm32f4xx_hal_msp.c **** 
 175:Src/stm32f4xx_hal_msp.c ****     /* Peripheral clock enable */
 176:Src/stm32f4xx_hal_msp.c ****     __HAL_RCC_I2C1_CLK_ENABLE();
 351              		.loc 1 176 0
 352 002a 0023     		movs	r3, #0
 353 002c 0093     		str	r3, [sp]
 354 002e 094B     		ldr	r3, .L22+8
 355 0030 1A6C     		ldr	r2, [r3, #64]
 356 0032 42F40012 		orr	r2, r2, #2097152
 357 0036 1A64     		str	r2, [r3, #64]
 358 0038 1B6C     		ldr	r3, [r3, #64]
 359 003a 03F40013 		and	r3, r3, #2097152
 360 003e 0093     		str	r3, [sp]
 361 0040 009B     		ldr	r3, [sp]
 362              	.LBE5:
 177:Src/stm32f4xx_hal_msp.c ****   /* USER CODE BEGIN I2C1_MspInit 1 */
 178:Src/stm32f4xx_hal_msp.c **** 
 179:Src/stm32f4xx_hal_msp.c ****   /* USER CODE END I2C1_MspInit 1 */
 180:Src/stm32f4xx_hal_msp.c ****   }
 181:Src/stm32f4xx_hal_msp.c **** 
 182:Src/stm32f4xx_hal_msp.c **** }
 363              		.loc 1 182 0
 364 0042 07B0     		add	sp, sp, #28
 365              	.LCFI11:
 366              		.cfi_def_cfa_offset 4
 367              		@ sp needed
 368 0044 5DF804FB 		ldr	pc, [sp], #4
 369              	.LVL22:
 370              	.L21:
 371              	.LCFI12:
 372              		.cfi_def_cfa_offset 0
 373              		.cfi_restore 14
 374 0048 7047     		bx	lr
 375              	.L23:
 376 004a 00BF     		.align	2
 377              	.L22:
 378 004c 00540040 		.word	1073763328
 379 0050 00040240 		.word	1073873920
 380 0054 00380240 		.word	1073887232
 381              		.cfi_endproc
 382              	.LFE126:
 384              		.section	.text.HAL_I2C_MspDeInit,"ax",%progbits
 385              		.align	2
 386              		.global	HAL_I2C_MspDeInit
 387              		.thumb
 388              		.thumb_func
 390              	HAL_I2C_MspDeInit:
 391              	.LFB127:
 183:Src/stm32f4xx_hal_msp.c **** 
 184:Src/stm32f4xx_hal_msp.c **** void HAL_I2C_MspDeInit(I2C_HandleTypeDef* hi2c)
 185:Src/stm32f4xx_hal_msp.c **** {
ARM GAS  /var/folders/ck/4xtm3skj1ssb0w4rn7_4q_gw0000gn/T//ccfNnI9y.s 			page 11


 392              		.loc 1 185 0
 393              		.cfi_startproc
 394              		@ args = 0, pretend = 0, frame = 0
 395              		@ frame_needed = 0, uses_anonymous_args = 0
 396              	.LVL23:
 397 0000 08B5     		push	{r3, lr}
 398              	.LCFI13:
 399              		.cfi_def_cfa_offset 8
 400              		.cfi_offset 3, -8
 401              		.cfi_offset 14, -4
 186:Src/stm32f4xx_hal_msp.c **** 
 187:Src/stm32f4xx_hal_msp.c ****   if(hi2c->Instance==I2C1)
 402              		.loc 1 187 0
 403 0002 0268     		ldr	r2, [r0]
 404 0004 064B     		ldr	r3, .L27
 405 0006 9A42     		cmp	r2, r3
 406 0008 08D1     		bne	.L24
 188:Src/stm32f4xx_hal_msp.c ****   {
 189:Src/stm32f4xx_hal_msp.c ****   /* USER CODE BEGIN I2C1_MspDeInit 0 */
 190:Src/stm32f4xx_hal_msp.c **** 
 191:Src/stm32f4xx_hal_msp.c ****   /* USER CODE END I2C1_MspDeInit 0 */
 192:Src/stm32f4xx_hal_msp.c ****     /* Peripheral clock disable */
 193:Src/stm32f4xx_hal_msp.c ****     __HAL_RCC_I2C1_CLK_DISABLE();
 407              		.loc 1 193 0
 408 000a 064A     		ldr	r2, .L27+4
 409 000c 136C     		ldr	r3, [r2, #64]
 410 000e 23F40013 		bic	r3, r3, #2097152
 411 0012 1364     		str	r3, [r2, #64]
 194:Src/stm32f4xx_hal_msp.c ****   
 195:Src/stm32f4xx_hal_msp.c ****     /**I2C1 GPIO Configuration    
 196:Src/stm32f4xx_hal_msp.c ****     PB6     ------> I2C1_SCL
 197:Src/stm32f4xx_hal_msp.c ****     PB7     ------> I2C1_SDA 
 198:Src/stm32f4xx_hal_msp.c ****     */
 199:Src/stm32f4xx_hal_msp.c ****     HAL_GPIO_DeInit(GPIOB, GPIO_PIN_6|GPIO_PIN_7);
 412              		.loc 1 199 0
 413 0014 0448     		ldr	r0, .L27+8
 414              	.LVL24:
 415 0016 C021     		movs	r1, #192
 416 0018 FFF7FEFF 		bl	HAL_GPIO_DeInit
 417              	.LVL25:
 418              	.L24:
 419 001c 08BD     		pop	{r3, pc}
 420              	.L28:
 421 001e 00BF     		.align	2
 422              	.L27:
 423 0020 00540040 		.word	1073763328
 424 0024 00380240 		.word	1073887232
 425 0028 00040240 		.word	1073873920
 426              		.cfi_endproc
 427              	.LFE127:
 429              		.section	.text.HAL_TIM_Base_MspInit,"ax",%progbits
 430              		.align	2
 431              		.global	HAL_TIM_Base_MspInit
 432              		.thumb
 433              		.thumb_func
 435              	HAL_TIM_Base_MspInit:
 436              	.LFB128:
ARM GAS  /var/folders/ck/4xtm3skj1ssb0w4rn7_4q_gw0000gn/T//ccfNnI9y.s 			page 12


 200:Src/stm32f4xx_hal_msp.c **** 
 201:Src/stm32f4xx_hal_msp.c ****   /* USER CODE BEGIN I2C1_MspDeInit 1 */
 202:Src/stm32f4xx_hal_msp.c **** 
 203:Src/stm32f4xx_hal_msp.c ****   /* USER CODE END I2C1_MspDeInit 1 */
 204:Src/stm32f4xx_hal_msp.c ****   }
 205:Src/stm32f4xx_hal_msp.c **** 
 206:Src/stm32f4xx_hal_msp.c **** }
 207:Src/stm32f4xx_hal_msp.c **** 
 208:Src/stm32f4xx_hal_msp.c **** void HAL_TIM_Base_MspInit(TIM_HandleTypeDef* htim_base)
 209:Src/stm32f4xx_hal_msp.c **** {
 437              		.loc 1 209 0
 438              		.cfi_startproc
 439              		@ args = 0, pretend = 0, frame = 8
 440              		@ frame_needed = 0, uses_anonymous_args = 0
 441              		@ link register save eliminated.
 442              	.LVL26:
 210:Src/stm32f4xx_hal_msp.c **** 
 211:Src/stm32f4xx_hal_msp.c ****   if(htim_base->Instance==TIM2)
 443              		.loc 1 211 0
 444 0000 0368     		ldr	r3, [r0]
 445 0002 B3F1804F 		cmp	r3, #1073741824
 446 0006 0DD1     		bne	.L33
 209:Src/stm32f4xx_hal_msp.c **** 
 447              		.loc 1 209 0
 448 0008 82B0     		sub	sp, sp, #8
 449              	.LCFI14:
 450              		.cfi_def_cfa_offset 8
 451              	.LBB6:
 212:Src/stm32f4xx_hal_msp.c ****   {
 213:Src/stm32f4xx_hal_msp.c ****   /* USER CODE BEGIN TIM2_MspInit 0 */
 214:Src/stm32f4xx_hal_msp.c **** 
 215:Src/stm32f4xx_hal_msp.c ****   /* USER CODE END TIM2_MspInit 0 */
 216:Src/stm32f4xx_hal_msp.c ****     /* Peripheral clock enable */
 217:Src/stm32f4xx_hal_msp.c ****     __HAL_RCC_TIM2_CLK_ENABLE();
 452              		.loc 1 217 0
 453 000a 0023     		movs	r3, #0
 454 000c 0193     		str	r3, [sp, #4]
 455 000e 064B     		ldr	r3, .L34
 456 0010 1A6C     		ldr	r2, [r3, #64]
 457 0012 42F00102 		orr	r2, r2, #1
 458 0016 1A64     		str	r2, [r3, #64]
 459 0018 1B6C     		ldr	r3, [r3, #64]
 460 001a 03F00103 		and	r3, r3, #1
 461 001e 0193     		str	r3, [sp, #4]
 462 0020 019B     		ldr	r3, [sp, #4]
 463              	.LBE6:
 218:Src/stm32f4xx_hal_msp.c ****   /* USER CODE BEGIN TIM2_MspInit 1 */
 219:Src/stm32f4xx_hal_msp.c **** 
 220:Src/stm32f4xx_hal_msp.c ****   /* USER CODE END TIM2_MspInit 1 */
 221:Src/stm32f4xx_hal_msp.c ****   }
 222:Src/stm32f4xx_hal_msp.c **** 
 223:Src/stm32f4xx_hal_msp.c **** }
 464              		.loc 1 223 0
 465 0022 02B0     		add	sp, sp, #8
 466              	.LCFI15:
 467              		.cfi_def_cfa_offset 0
 468              		@ sp needed
ARM GAS  /var/folders/ck/4xtm3skj1ssb0w4rn7_4q_gw0000gn/T//ccfNnI9y.s 			page 13


 469              	.L33:
 470 0024 7047     		bx	lr
 471              	.L35:
 472 0026 00BF     		.align	2
 473              	.L34:
 474 0028 00380240 		.word	1073887232
 475              		.cfi_endproc
 476              	.LFE128:
 478              		.section	.text.HAL_TIM_Base_MspDeInit,"ax",%progbits
 479              		.align	2
 480              		.global	HAL_TIM_Base_MspDeInit
 481              		.thumb
 482              		.thumb_func
 484              	HAL_TIM_Base_MspDeInit:
 485              	.LFB129:
 224:Src/stm32f4xx_hal_msp.c **** 
 225:Src/stm32f4xx_hal_msp.c **** void HAL_TIM_Base_MspDeInit(TIM_HandleTypeDef* htim_base)
 226:Src/stm32f4xx_hal_msp.c **** {
 486              		.loc 1 226 0
 487              		.cfi_startproc
 488              		@ args = 0, pretend = 0, frame = 0
 489              		@ frame_needed = 0, uses_anonymous_args = 0
 490              		@ link register save eliminated.
 491              	.LVL27:
 227:Src/stm32f4xx_hal_msp.c **** 
 228:Src/stm32f4xx_hal_msp.c ****   if(htim_base->Instance==TIM2)
 492              		.loc 1 228 0
 493 0000 0368     		ldr	r3, [r0]
 494 0002 B3F1804F 		cmp	r3, #1073741824
 495 0006 04D1     		bne	.L36
 229:Src/stm32f4xx_hal_msp.c ****   {
 230:Src/stm32f4xx_hal_msp.c ****   /* USER CODE BEGIN TIM2_MspDeInit 0 */
 231:Src/stm32f4xx_hal_msp.c **** 
 232:Src/stm32f4xx_hal_msp.c ****   /* USER CODE END TIM2_MspDeInit 0 */
 233:Src/stm32f4xx_hal_msp.c ****     /* Peripheral clock disable */
 234:Src/stm32f4xx_hal_msp.c ****     __HAL_RCC_TIM2_CLK_DISABLE();
 496              		.loc 1 234 0
 497 0008 024A     		ldr	r2, .L38
 498 000a 136C     		ldr	r3, [r2, #64]
 499 000c 23F00103 		bic	r3, r3, #1
 500 0010 1364     		str	r3, [r2, #64]
 501              	.L36:
 502 0012 7047     		bx	lr
 503              	.L39:
 504              		.align	2
 505              	.L38:
 506 0014 00380240 		.word	1073887232
 507              		.cfi_endproc
 508              	.LFE129:
 510              		.section	.rodata.str1.4,"aMS",%progbits,1
 511              		.align	2
 512              	.LC0:
 513 0000 5372632F 		.ascii	"Src/stm32f4xx_hal_msp.c\000"
 513      73746D33 
 513      32663478 
 513      785F6861 
 513      6C5F6D73 
ARM GAS  /var/folders/ck/4xtm3skj1ssb0w4rn7_4q_gw0000gn/T//ccfNnI9y.s 			page 14


 514              		.text
 515              	.Letext0:
 516              		.file 2 "Drivers/CMSIS/Device/ST/STM32F4xx/Include/stm32f401xe.h"
 517              		.file 3 "/usr/local/Cellar/arm-none-eabi-gcc/20150921/arm-none-eabi/include/machine/_default_types
 518              		.file 4 "/usr/local/Cellar/arm-none-eabi-gcc/20150921/arm-none-eabi/include/sys/_stdint.h"
 519              		.file 5 "Drivers/STM32F4xx_HAL_Driver/Inc/stm32f4xx_hal_def.h"
 520              		.file 6 "Drivers/STM32F4xx_HAL_Driver/Inc/stm32f4xx_hal_gpio.h"
 521              		.file 7 "Drivers/STM32F4xx_HAL_Driver/Inc/stm32f4xx_hal_dma.h"
 522              		.file 8 "Drivers/STM32F4xx_HAL_Driver/Inc/stm32f4xx_hal_adc.h"
 523              		.file 9 "Drivers/STM32F4xx_HAL_Driver/Inc/stm32f4xx_hal_i2c.h"
 524              		.file 10 "Drivers/STM32F4xx_HAL_Driver/Inc/stm32f4xx_hal_tim.h"
 525              		.file 11 "Drivers/CMSIS/Include/core_cm4.h"
 526              		.file 12 "Drivers/STM32F4xx_HAL_Driver/Inc/stm32f4xx_hal_cortex.h"
ARM GAS  /var/folders/ck/4xtm3skj1ssb0w4rn7_4q_gw0000gn/T//ccfNnI9y.s 			page 15
=======
  83:Src/stm32f4xx_hal_msp.c **** 
  84:Src/stm32f4xx_hal_msp.c ****   GPIO_InitTypeDef GPIO_InitStruct;
  85:Src/stm32f4xx_hal_msp.c ****   if(hadc->Instance==ADC1)
 137              		.loc 1 85 0
 138 0000 0268     		ldr	r2, [r0]
 139 0002 0F4B     		ldr	r3, .L9
 140 0004 9A42     		cmp	r2, r3
 141 0006 1AD1     		bne	.L8
  82:Src/stm32f4xx_hal_msp.c **** 
 142              		.loc 1 82 0
 143 0008 00B5     		push	{lr}
 144              	.LCFI3:
 145              		.cfi_def_cfa_offset 4
ARM GAS  /var/folders/ck/4xtm3skj1ssb0w4rn7_4q_gw0000gn/T//ccpwjhIR.s 			page 5


 146              		.cfi_offset 14, -4
 147 000a 87B0     		sub	sp, sp, #28
 148              	.LCFI4:
 149              		.cfi_def_cfa_offset 32
 150              	.LBB4:
  86:Src/stm32f4xx_hal_msp.c ****   {
  87:Src/stm32f4xx_hal_msp.c ****   /* USER CODE BEGIN ADC1_MspInit 0 */
  88:Src/stm32f4xx_hal_msp.c **** 
  89:Src/stm32f4xx_hal_msp.c ****   /* USER CODE END ADC1_MspInit 0 */
  90:Src/stm32f4xx_hal_msp.c ****     /* Peripheral clock enable */
  91:Src/stm32f4xx_hal_msp.c ****     __HAL_RCC_ADC1_CLK_ENABLE();
 151              		.loc 1 91 0
 152 000c 0021     		movs	r1, #0
 153 000e 0091     		str	r1, [sp]
 154 0010 03F58C33 		add	r3, r3, #71680
 155 0014 5A6C     		ldr	r2, [r3, #68]
 156 0016 42F48072 		orr	r2, r2, #256
 157 001a 5A64     		str	r2, [r3, #68]
 158 001c 5B6C     		ldr	r3, [r3, #68]
 159 001e 03F48073 		and	r3, r3, #256
 160 0022 0093     		str	r3, [sp]
 161 0024 009B     		ldr	r3, [sp]
 162              	.LBE4:
  92:Src/stm32f4xx_hal_msp.c ****   
  93:Src/stm32f4xx_hal_msp.c ****     /**ADC1 GPIO Configuration    
  94:Src/stm32f4xx_hal_msp.c ****     PA0-WKUP     ------> ADC1_IN0 
  95:Src/stm32f4xx_hal_msp.c ****     */
  96:Src/stm32f4xx_hal_msp.c ****     GPIO_InitStruct.Pin = GPIO_PIN_0;
 163              		.loc 1 96 0
 164 0026 0123     		movs	r3, #1
 165 0028 0193     		str	r3, [sp, #4]
  97:Src/stm32f4xx_hal_msp.c ****     GPIO_InitStruct.Mode = GPIO_MODE_ANALOG;
 166              		.loc 1 97 0
 167 002a 0323     		movs	r3, #3
 168 002c 0293     		str	r3, [sp, #8]
  98:Src/stm32f4xx_hal_msp.c ****     GPIO_InitStruct.Pull = GPIO_NOPULL;
 169              		.loc 1 98 0
 170 002e 0391     		str	r1, [sp, #12]
  99:Src/stm32f4xx_hal_msp.c ****     HAL_GPIO_Init(GPIOA, &GPIO_InitStruct);
 171              		.loc 1 99 0
 172 0030 0448     		ldr	r0, .L9+4
 173              	.LVL9:
 174 0032 01A9     		add	r1, sp, #4
 175 0034 FFF7FEFF 		bl	HAL_GPIO_Init
 176              	.LVL10:
 100:Src/stm32f4xx_hal_msp.c **** 
 101:Src/stm32f4xx_hal_msp.c ****   /* USER CODE BEGIN ADC1_MspInit 1 */
 102:Src/stm32f4xx_hal_msp.c **** 
 103:Src/stm32f4xx_hal_msp.c ****   /* USER CODE END ADC1_MspInit 1 */
 104:Src/stm32f4xx_hal_msp.c ****   }
 105:Src/stm32f4xx_hal_msp.c **** 
 106:Src/stm32f4xx_hal_msp.c **** }
 177              		.loc 1 106 0
 178 0038 07B0     		add	sp, sp, #28
 179              	.LCFI5:
 180              		.cfi_def_cfa_offset 4
 181              		@ sp needed
ARM GAS  /var/folders/ck/4xtm3skj1ssb0w4rn7_4q_gw0000gn/T//ccpwjhIR.s 			page 6


 182 003a 5DF804FB 		ldr	pc, [sp], #4
 183              	.LVL11:
 184              	.L8:
 185              	.LCFI6:
 186              		.cfi_def_cfa_offset 0
 187              		.cfi_restore 14
 188 003e 7047     		bx	lr
 189              	.L10:
 190              		.align	2
 191              	.L9:
 192 0040 00200140 		.word	1073815552
 193 0044 00000240 		.word	1073872896
 194              		.cfi_endproc
 195              	.LFE124:
 197              		.section	.text.HAL_ADC_MspDeInit,"ax",%progbits
 198              		.align	2
 199              		.global	HAL_ADC_MspDeInit
 200              		.thumb
 201              		.thumb_func
 203              	HAL_ADC_MspDeInit:
 204              	.LFB125:
 107:Src/stm32f4xx_hal_msp.c **** 
 108:Src/stm32f4xx_hal_msp.c **** void HAL_ADC_MspDeInit(ADC_HandleTypeDef* hadc)
 109:Src/stm32f4xx_hal_msp.c **** {
 205              		.loc 1 109 0
 206              		.cfi_startproc
 207              		@ args = 0, pretend = 0, frame = 0
 208              		@ frame_needed = 0, uses_anonymous_args = 0
 209              	.LVL12:
 210 0000 08B5     		push	{r3, lr}
 211              	.LCFI7:
 212              		.cfi_def_cfa_offset 8
 213              		.cfi_offset 3, -8
 214              		.cfi_offset 14, -4
 110:Src/stm32f4xx_hal_msp.c **** 
 111:Src/stm32f4xx_hal_msp.c ****   if(hadc->Instance==ADC1)
 215              		.loc 1 111 0
 216 0002 0268     		ldr	r2, [r0]
 217 0004 064B     		ldr	r3, .L14
 218 0006 9A42     		cmp	r2, r3
 219 0008 08D1     		bne	.L11
 112:Src/stm32f4xx_hal_msp.c ****   {
 113:Src/stm32f4xx_hal_msp.c ****   /* USER CODE BEGIN ADC1_MspDeInit 0 */
 114:Src/stm32f4xx_hal_msp.c **** 
 115:Src/stm32f4xx_hal_msp.c ****   /* USER CODE END ADC1_MspDeInit 0 */
 116:Src/stm32f4xx_hal_msp.c ****     /* Peripheral clock disable */
 117:Src/stm32f4xx_hal_msp.c ****     __HAL_RCC_ADC1_CLK_DISABLE();
 220              		.loc 1 117 0
 221 000a 064A     		ldr	r2, .L14+4
 222 000c 536C     		ldr	r3, [r2, #68]
 223 000e 23F48073 		bic	r3, r3, #256
 224 0012 5364     		str	r3, [r2, #68]
 118:Src/stm32f4xx_hal_msp.c ****   
 119:Src/stm32f4xx_hal_msp.c ****     /**ADC1 GPIO Configuration    
 120:Src/stm32f4xx_hal_msp.c ****     PA0-WKUP     ------> ADC1_IN0 
 121:Src/stm32f4xx_hal_msp.c ****     */
 122:Src/stm32f4xx_hal_msp.c ****     HAL_GPIO_DeInit(GPIOA, GPIO_PIN_0);
ARM GAS  /var/folders/ck/4xtm3skj1ssb0w4rn7_4q_gw0000gn/T//ccpwjhIR.s 			page 7


 225              		.loc 1 122 0
 226 0014 0448     		ldr	r0, .L14+8
 227              	.LVL13:
 228 0016 0121     		movs	r1, #1
 229 0018 FFF7FEFF 		bl	HAL_GPIO_DeInit
 230              	.LVL14:
 231              	.L11:
 232 001c 08BD     		pop	{r3, pc}
 233              	.L15:
 234 001e 00BF     		.align	2
 235              	.L14:
 236 0020 00200140 		.word	1073815552
 237 0024 00380240 		.word	1073887232
 238 0028 00000240 		.word	1073872896
 239              		.cfi_endproc
 240              	.LFE125:
 242              		.section	.text.HAL_I2C_MspInit,"ax",%progbits
 243              		.align	2
 244              		.global	HAL_I2C_MspInit
 245              		.thumb
 246              		.thumb_func
 248              	HAL_I2C_MspInit:
 249              	.LFB126:
 123:Src/stm32f4xx_hal_msp.c **** 
 124:Src/stm32f4xx_hal_msp.c ****   /* USER CODE BEGIN ADC1_MspDeInit 1 */
 125:Src/stm32f4xx_hal_msp.c **** 
 126:Src/stm32f4xx_hal_msp.c ****   /* USER CODE END ADC1_MspDeInit 1 */
 127:Src/stm32f4xx_hal_msp.c ****   }
 128:Src/stm32f4xx_hal_msp.c **** 
 129:Src/stm32f4xx_hal_msp.c **** }
 130:Src/stm32f4xx_hal_msp.c **** 
 131:Src/stm32f4xx_hal_msp.c **** void HAL_I2C_MspInit(I2C_HandleTypeDef* hi2c)
 132:Src/stm32f4xx_hal_msp.c **** {
 250              		.loc 1 132 0
 251              		.cfi_startproc
 252              		@ args = 0, pretend = 0, frame = 24
 253              		@ frame_needed = 0, uses_anonymous_args = 0
 254              	.LVL15:
 133:Src/stm32f4xx_hal_msp.c **** 
 134:Src/stm32f4xx_hal_msp.c ****   GPIO_InitTypeDef GPIO_InitStruct;
 135:Src/stm32f4xx_hal_msp.c ****   if(hi2c->Instance==I2C1)
 255              		.loc 1 135 0
 256 0000 0268     		ldr	r2, [r0]
 257 0002 124B     		ldr	r3, .L20
 258 0004 9A42     		cmp	r2, r3
 259 0006 1FD1     		bne	.L19
 132:Src/stm32f4xx_hal_msp.c **** 
 260              		.loc 1 132 0
 261 0008 00B5     		push	{lr}
 262              	.LCFI8:
 263              		.cfi_def_cfa_offset 4
 264              		.cfi_offset 14, -4
 265 000a 87B0     		sub	sp, sp, #28
 266              	.LCFI9:
 267              		.cfi_def_cfa_offset 32
 136:Src/stm32f4xx_hal_msp.c ****   {
 137:Src/stm32f4xx_hal_msp.c ****   /* USER CODE BEGIN I2C1_MspInit 0 */
ARM GAS  /var/folders/ck/4xtm3skj1ssb0w4rn7_4q_gw0000gn/T//ccpwjhIR.s 			page 8


 138:Src/stm32f4xx_hal_msp.c **** 
 139:Src/stm32f4xx_hal_msp.c ****   /* USER CODE END I2C1_MspInit 0 */
 140:Src/stm32f4xx_hal_msp.c ****   
 141:Src/stm32f4xx_hal_msp.c ****     /**I2C1 GPIO Configuration    
 142:Src/stm32f4xx_hal_msp.c ****     PB6     ------> I2C1_SCL
 143:Src/stm32f4xx_hal_msp.c ****     PB7     ------> I2C1_SDA 
 144:Src/stm32f4xx_hal_msp.c ****     */
 145:Src/stm32f4xx_hal_msp.c ****     GPIO_InitStruct.Pin = GPIO_PIN_6|GPIO_PIN_7;
 268              		.loc 1 145 0
 269 000c C023     		movs	r3, #192
 270 000e 0193     		str	r3, [sp, #4]
 146:Src/stm32f4xx_hal_msp.c ****     GPIO_InitStruct.Mode = GPIO_MODE_AF_OD;
 271              		.loc 1 146 0
 272 0010 1223     		movs	r3, #18
 273 0012 0293     		str	r3, [sp, #8]
 147:Src/stm32f4xx_hal_msp.c ****     GPIO_InitStruct.Pull = GPIO_PULLUP;
 274              		.loc 1 147 0
 275 0014 0123     		movs	r3, #1
 276 0016 0393     		str	r3, [sp, #12]
 148:Src/stm32f4xx_hal_msp.c ****     GPIO_InitStruct.Speed = GPIO_SPEED_FREQ_VERY_HIGH;
 277              		.loc 1 148 0
 278 0018 0323     		movs	r3, #3
 279 001a 0493     		str	r3, [sp, #16]
 149:Src/stm32f4xx_hal_msp.c ****     GPIO_InitStruct.Alternate = GPIO_AF4_I2C1;
 280              		.loc 1 149 0
 281 001c 0423     		movs	r3, #4
 282 001e 0593     		str	r3, [sp, #20]
 150:Src/stm32f4xx_hal_msp.c ****     HAL_GPIO_Init(GPIOB, &GPIO_InitStruct);
 283              		.loc 1 150 0
 284 0020 0B48     		ldr	r0, .L20+4
 285              	.LVL16:
 286 0022 0DEB0301 		add	r1, sp, r3
 287 0026 FFF7FEFF 		bl	HAL_GPIO_Init
 288              	.LVL17:
 289              	.LBB5:
 151:Src/stm32f4xx_hal_msp.c **** 
 152:Src/stm32f4xx_hal_msp.c ****     /* Peripheral clock enable */
 153:Src/stm32f4xx_hal_msp.c ****     __HAL_RCC_I2C1_CLK_ENABLE();
 290              		.loc 1 153 0
 291 002a 0023     		movs	r3, #0
 292 002c 0093     		str	r3, [sp]
 293 002e 094B     		ldr	r3, .L20+8
 294 0030 1A6C     		ldr	r2, [r3, #64]
 295 0032 42F40012 		orr	r2, r2, #2097152
 296 0036 1A64     		str	r2, [r3, #64]
 297 0038 1B6C     		ldr	r3, [r3, #64]
 298 003a 03F40013 		and	r3, r3, #2097152
 299 003e 0093     		str	r3, [sp]
 300 0040 009B     		ldr	r3, [sp]
 301              	.LBE5:
 154:Src/stm32f4xx_hal_msp.c ****   /* USER CODE BEGIN I2C1_MspInit 1 */
 155:Src/stm32f4xx_hal_msp.c **** 
 156:Src/stm32f4xx_hal_msp.c ****   /* USER CODE END I2C1_MspInit 1 */
 157:Src/stm32f4xx_hal_msp.c ****   }
 158:Src/stm32f4xx_hal_msp.c **** 
 159:Src/stm32f4xx_hal_msp.c **** }
 302              		.loc 1 159 0
ARM GAS  /var/folders/ck/4xtm3skj1ssb0w4rn7_4q_gw0000gn/T//ccpwjhIR.s 			page 9


 303 0042 07B0     		add	sp, sp, #28
 304              	.LCFI10:
 305              		.cfi_def_cfa_offset 4
 306              		@ sp needed
 307 0044 5DF804FB 		ldr	pc, [sp], #4
 308              	.LVL18:
 309              	.L19:
 310              	.LCFI11:
 311              		.cfi_def_cfa_offset 0
 312              		.cfi_restore 14
 313 0048 7047     		bx	lr
 314              	.L21:
 315 004a 00BF     		.align	2
 316              	.L20:
 317 004c 00540040 		.word	1073763328
 318 0050 00040240 		.word	1073873920
 319 0054 00380240 		.word	1073887232
 320              		.cfi_endproc
 321              	.LFE126:
 323              		.section	.text.HAL_I2C_MspDeInit,"ax",%progbits
 324              		.align	2
 325              		.global	HAL_I2C_MspDeInit
 326              		.thumb
 327              		.thumb_func
 329              	HAL_I2C_MspDeInit:
 330              	.LFB127:
 160:Src/stm32f4xx_hal_msp.c **** 
 161:Src/stm32f4xx_hal_msp.c **** void HAL_I2C_MspDeInit(I2C_HandleTypeDef* hi2c)
 162:Src/stm32f4xx_hal_msp.c **** {
 331              		.loc 1 162 0
 332              		.cfi_startproc
 333              		@ args = 0, pretend = 0, frame = 0
 334              		@ frame_needed = 0, uses_anonymous_args = 0
 335              	.LVL19:
 336 0000 08B5     		push	{r3, lr}
 337              	.LCFI12:
 338              		.cfi_def_cfa_offset 8
 339              		.cfi_offset 3, -8
 340              		.cfi_offset 14, -4
 163:Src/stm32f4xx_hal_msp.c **** 
 164:Src/stm32f4xx_hal_msp.c ****   if(hi2c->Instance==I2C1)
 341              		.loc 1 164 0
 342 0002 0268     		ldr	r2, [r0]
 343 0004 064B     		ldr	r3, .L25
 344 0006 9A42     		cmp	r2, r3
 345 0008 08D1     		bne	.L22
 165:Src/stm32f4xx_hal_msp.c ****   {
 166:Src/stm32f4xx_hal_msp.c ****   /* USER CODE BEGIN I2C1_MspDeInit 0 */
 167:Src/stm32f4xx_hal_msp.c **** 
 168:Src/stm32f4xx_hal_msp.c ****   /* USER CODE END I2C1_MspDeInit 0 */
 169:Src/stm32f4xx_hal_msp.c ****     /* Peripheral clock disable */
 170:Src/stm32f4xx_hal_msp.c ****     __HAL_RCC_I2C1_CLK_DISABLE();
 346              		.loc 1 170 0
 347 000a 064A     		ldr	r2, .L25+4
 348 000c 136C     		ldr	r3, [r2, #64]
 349 000e 23F40013 		bic	r3, r3, #2097152
 350 0012 1364     		str	r3, [r2, #64]
ARM GAS  /var/folders/ck/4xtm3skj1ssb0w4rn7_4q_gw0000gn/T//ccpwjhIR.s 			page 10


 171:Src/stm32f4xx_hal_msp.c ****   
 172:Src/stm32f4xx_hal_msp.c ****     /**I2C1 GPIO Configuration    
 173:Src/stm32f4xx_hal_msp.c ****     PB6     ------> I2C1_SCL
 174:Src/stm32f4xx_hal_msp.c ****     PB7     ------> I2C1_SDA 
 175:Src/stm32f4xx_hal_msp.c ****     */
 176:Src/stm32f4xx_hal_msp.c ****     HAL_GPIO_DeInit(GPIOB, GPIO_PIN_6|GPIO_PIN_7);
 351              		.loc 1 176 0
 352 0014 0448     		ldr	r0, .L25+8
 353              	.LVL20:
 354 0016 C021     		movs	r1, #192
 355 0018 FFF7FEFF 		bl	HAL_GPIO_DeInit
 356              	.LVL21:
 357              	.L22:
 358 001c 08BD     		pop	{r3, pc}
 359              	.L26:
 360 001e 00BF     		.align	2
 361              	.L25:
 362 0020 00540040 		.word	1073763328
 363 0024 00380240 		.word	1073887232
 364 0028 00040240 		.word	1073873920
 365              		.cfi_endproc
 366              	.LFE127:
 368              		.text
 369              	.Letext0:
 370              		.file 2 "Drivers/CMSIS/Device/ST/STM32F4xx/Include/stm32f401xe.h"
 371              		.file 3 "/usr/local/Cellar/arm-none-eabi-gcc/20150921/arm-none-eabi/include/machine/_default_types
 372              		.file 4 "/usr/local/Cellar/arm-none-eabi-gcc/20150921/arm-none-eabi/include/sys/_stdint.h"
 373              		.file 5 "Drivers/STM32F4xx_HAL_Driver/Inc/stm32f4xx_hal_def.h"
 374              		.file 6 "Drivers/STM32F4xx_HAL_Driver/Inc/stm32f4xx_hal_gpio.h"
 375              		.file 7 "Drivers/STM32F4xx_HAL_Driver/Inc/stm32f4xx_hal_dma.h"
 376              		.file 8 "Drivers/STM32F4xx_HAL_Driver/Inc/stm32f4xx_hal_adc.h"
 377              		.file 9 "Drivers/STM32F4xx_HAL_Driver/Inc/stm32f4xx_hal_i2c.h"
 378              		.file 10 "Drivers/STM32F4xx_HAL_Driver/Inc/stm32f4xx_hal_cortex.h"
 379              		.file 11 "Drivers/CMSIS/Include/core_cm4.h"
ARM GAS  /var/folders/ck/4xtm3skj1ssb0w4rn7_4q_gw0000gn/T//ccpwjhIR.s 			page 11
>>>>>>> 8014290a4e73a4bcc694909df24c79fa8737d68c


DEFINED SYMBOLS
                            *ABS*:0000000000000000 stm32f4xx_hal_msp.c
<<<<<<< HEAD
/var/folders/ck/4xtm3skj1ssb0w4rn7_4q_gw0000gn/T//ccfNnI9y.s:21     .text.HAL_MspInit:0000000000000000 $t
/var/folders/ck/4xtm3skj1ssb0w4rn7_4q_gw0000gn/T//ccfNnI9y.s:26     .text.HAL_MspInit:0000000000000000 HAL_MspInit
/var/folders/ck/4xtm3skj1ssb0w4rn7_4q_gw0000gn/T//ccfNnI9y.s:120    .text.HAL_MspInit:0000000000000090 $d
/var/folders/ck/4xtm3skj1ssb0w4rn7_4q_gw0000gn/T//ccfNnI9y.s:125    .text.HAL_ADC_MspInit:0000000000000000 $t
/var/folders/ck/4xtm3skj1ssb0w4rn7_4q_gw0000gn/T//ccfNnI9y.s:130    .text.HAL_ADC_MspInit:0000000000000000 HAL_ADC_MspInit
/var/folders/ck/4xtm3skj1ssb0w4rn7_4q_gw0000gn/T//ccfNnI9y.s:238    .text.HAL_ADC_MspInit:0000000000000080 $d
/var/folders/ck/4xtm3skj1ssb0w4rn7_4q_gw0000gn/T//ccfNnI9y.s:247    .text.HAL_ADC_MspDeInit:0000000000000000 $t
/var/folders/ck/4xtm3skj1ssb0w4rn7_4q_gw0000gn/T//ccfNnI9y.s:252    .text.HAL_ADC_MspDeInit:0000000000000000 HAL_ADC_MspDeInit
/var/folders/ck/4xtm3skj1ssb0w4rn7_4q_gw0000gn/T//ccfNnI9y.s:297    .text.HAL_ADC_MspDeInit:0000000000000028 $d
/var/folders/ck/4xtm3skj1ssb0w4rn7_4q_gw0000gn/T//ccfNnI9y.s:304    .text.HAL_I2C_MspInit:0000000000000000 $t
/var/folders/ck/4xtm3skj1ssb0w4rn7_4q_gw0000gn/T//ccfNnI9y.s:309    .text.HAL_I2C_MspInit:0000000000000000 HAL_I2C_MspInit
/var/folders/ck/4xtm3skj1ssb0w4rn7_4q_gw0000gn/T//ccfNnI9y.s:378    .text.HAL_I2C_MspInit:000000000000004c $d
/var/folders/ck/4xtm3skj1ssb0w4rn7_4q_gw0000gn/T//ccfNnI9y.s:385    .text.HAL_I2C_MspDeInit:0000000000000000 $t
/var/folders/ck/4xtm3skj1ssb0w4rn7_4q_gw0000gn/T//ccfNnI9y.s:390    .text.HAL_I2C_MspDeInit:0000000000000000 HAL_I2C_MspDeInit
/var/folders/ck/4xtm3skj1ssb0w4rn7_4q_gw0000gn/T//ccfNnI9y.s:423    .text.HAL_I2C_MspDeInit:0000000000000020 $d
/var/folders/ck/4xtm3skj1ssb0w4rn7_4q_gw0000gn/T//ccfNnI9y.s:430    .text.HAL_TIM_Base_MspInit:0000000000000000 $t
/var/folders/ck/4xtm3skj1ssb0w4rn7_4q_gw0000gn/T//ccfNnI9y.s:435    .text.HAL_TIM_Base_MspInit:0000000000000000 HAL_TIM_Base_MspInit
/var/folders/ck/4xtm3skj1ssb0w4rn7_4q_gw0000gn/T//ccfNnI9y.s:474    .text.HAL_TIM_Base_MspInit:0000000000000028 $d
/var/folders/ck/4xtm3skj1ssb0w4rn7_4q_gw0000gn/T//ccfNnI9y.s:479    .text.HAL_TIM_Base_MspDeInit:0000000000000000 $t
/var/folders/ck/4xtm3skj1ssb0w4rn7_4q_gw0000gn/T//ccfNnI9y.s:484    .text.HAL_TIM_Base_MspDeInit:0000000000000000 HAL_TIM_Base_MspDeInit
/var/folders/ck/4xtm3skj1ssb0w4rn7_4q_gw0000gn/T//ccfNnI9y.s:506    .text.HAL_TIM_Base_MspDeInit:0000000000000014 $d
/var/folders/ck/4xtm3skj1ssb0w4rn7_4q_gw0000gn/T//ccfNnI9y.s:511    .rodata.str1.4:0000000000000000 $d
=======
/var/folders/ck/4xtm3skj1ssb0w4rn7_4q_gw0000gn/T//ccpwjhIR.s:21     .text.HAL_MspInit:0000000000000000 $t
/var/folders/ck/4xtm3skj1ssb0w4rn7_4q_gw0000gn/T//ccpwjhIR.s:26     .text.HAL_MspInit:0000000000000000 HAL_MspInit
/var/folders/ck/4xtm3skj1ssb0w4rn7_4q_gw0000gn/T//ccpwjhIR.s:120    .text.HAL_MspInit:0000000000000090 $d
/var/folders/ck/4xtm3skj1ssb0w4rn7_4q_gw0000gn/T//ccpwjhIR.s:125    .text.HAL_ADC_MspInit:0000000000000000 $t
/var/folders/ck/4xtm3skj1ssb0w4rn7_4q_gw0000gn/T//ccpwjhIR.s:130    .text.HAL_ADC_MspInit:0000000000000000 HAL_ADC_MspInit
/var/folders/ck/4xtm3skj1ssb0w4rn7_4q_gw0000gn/T//ccpwjhIR.s:192    .text.HAL_ADC_MspInit:0000000000000040 $d
/var/folders/ck/4xtm3skj1ssb0w4rn7_4q_gw0000gn/T//ccpwjhIR.s:198    .text.HAL_ADC_MspDeInit:0000000000000000 $t
/var/folders/ck/4xtm3skj1ssb0w4rn7_4q_gw0000gn/T//ccpwjhIR.s:203    .text.HAL_ADC_MspDeInit:0000000000000000 HAL_ADC_MspDeInit
/var/folders/ck/4xtm3skj1ssb0w4rn7_4q_gw0000gn/T//ccpwjhIR.s:236    .text.HAL_ADC_MspDeInit:0000000000000020 $d
/var/folders/ck/4xtm3skj1ssb0w4rn7_4q_gw0000gn/T//ccpwjhIR.s:243    .text.HAL_I2C_MspInit:0000000000000000 $t
/var/folders/ck/4xtm3skj1ssb0w4rn7_4q_gw0000gn/T//ccpwjhIR.s:248    .text.HAL_I2C_MspInit:0000000000000000 HAL_I2C_MspInit
/var/folders/ck/4xtm3skj1ssb0w4rn7_4q_gw0000gn/T//ccpwjhIR.s:317    .text.HAL_I2C_MspInit:000000000000004c $d
/var/folders/ck/4xtm3skj1ssb0w4rn7_4q_gw0000gn/T//ccpwjhIR.s:324    .text.HAL_I2C_MspDeInit:0000000000000000 $t
/var/folders/ck/4xtm3skj1ssb0w4rn7_4q_gw0000gn/T//ccpwjhIR.s:329    .text.HAL_I2C_MspDeInit:0000000000000000 HAL_I2C_MspDeInit
/var/folders/ck/4xtm3skj1ssb0w4rn7_4q_gw0000gn/T//ccpwjhIR.s:362    .text.HAL_I2C_MspDeInit:0000000000000020 $d
>>>>>>> 8014290a4e73a4bcc694909df24c79fa8737d68c
                     .debug_frame:0000000000000010 $d

UNDEFINED SYMBOLS
HAL_NVIC_SetPriorityGrouping
HAL_NVIC_SetPriority
HAL_GPIO_Init
<<<<<<< HEAD
HAL_DMA_Init
_Error_Handler
hdma_adc1
HAL_GPIO_DeInit
HAL_DMA_DeInit
=======
HAL_GPIO_DeInit
>>>>>>> 8014290a4e73a4bcc694909df24c79fa8737d68c
