ARM GAS  /var/folders/ck/4xtm3skj1ssb0w4rn7_4q_gw0000gn/T//ccqeg20g.s 			page 1


   1              		.syntax unified
   2              		.cpu cortex-m4
   3              		.eabi_attribute 27, 1
   4              		.eabi_attribute 28, 1
   5              		.fpu fpv4-sp-d16
   6              		.eabi_attribute 20, 1
   7              		.eabi_attribute 21, 1
   8              		.eabi_attribute 23, 3
   9              		.eabi_attribute 24, 1
  10              		.eabi_attribute 25, 1
  11              		.eabi_attribute 26, 1
  12              		.eabi_attribute 30, 6
  13              		.eabi_attribute 34, 1
  14              		.eabi_attribute 18, 4
  15              		.thumb
  16              		.file	"stm32f4xx_hal_i2c_ex.c"
  17              		.text
  18              	.Ltext0:
  19              		.cfi_sections	.debug_frame
  20              		.section	.text.HAL_I2CEx_ConfigAnalogFilter,"ax",%progbits
  21              		.align	2
  22              		.global	HAL_I2CEx_ConfigAnalogFilter
  23              		.thumb
  24              		.thumb_func
  26              	HAL_I2CEx_ConfigAnalogFilter:
  27              	.LFB123:
  28              		.file 1 "Drivers/STM32F4xx_HAL_Driver/Src/stm32f4xx_hal_i2c_ex.c"
   1:Drivers/STM32F4xx_HAL_Driver/Src/stm32f4xx_hal_i2c_ex.c **** /**
   2:Drivers/STM32F4xx_HAL_Driver/Src/stm32f4xx_hal_i2c_ex.c ****   ******************************************************************************
   3:Drivers/STM32F4xx_HAL_Driver/Src/stm32f4xx_hal_i2c_ex.c ****   * @file    stm32f4xx_hal_i2c_ex.c
   4:Drivers/STM32F4xx_HAL_Driver/Src/stm32f4xx_hal_i2c_ex.c ****   * @author  MCD Application Team
   5:Drivers/STM32F4xx_HAL_Driver/Src/stm32f4xx_hal_i2c_ex.c ****   * @brief   I2C Extension HAL module driver.
   6:Drivers/STM32F4xx_HAL_Driver/Src/stm32f4xx_hal_i2c_ex.c ****   *          This file provides firmware functions to manage the following 
   7:Drivers/STM32F4xx_HAL_Driver/Src/stm32f4xx_hal_i2c_ex.c ****   *          functionalities of I2C extension peripheral:
   8:Drivers/STM32F4xx_HAL_Driver/Src/stm32f4xx_hal_i2c_ex.c ****   *           + Extension features functions
   9:Drivers/STM32F4xx_HAL_Driver/Src/stm32f4xx_hal_i2c_ex.c ****   *    
  10:Drivers/STM32F4xx_HAL_Driver/Src/stm32f4xx_hal_i2c_ex.c ****   @verbatim
  11:Drivers/STM32F4xx_HAL_Driver/Src/stm32f4xx_hal_i2c_ex.c ****   ==============================================================================
  12:Drivers/STM32F4xx_HAL_Driver/Src/stm32f4xx_hal_i2c_ex.c ****                ##### I2C peripheral extension features  #####
  13:Drivers/STM32F4xx_HAL_Driver/Src/stm32f4xx_hal_i2c_ex.c ****   ==============================================================================
  14:Drivers/STM32F4xx_HAL_Driver/Src/stm32f4xx_hal_i2c_ex.c ****            
  15:Drivers/STM32F4xx_HAL_Driver/Src/stm32f4xx_hal_i2c_ex.c ****   [..] Comparing to other previous devices, the I2C interface for STM32F427xx/437xx/ 
  16:Drivers/STM32F4xx_HAL_Driver/Src/stm32f4xx_hal_i2c_ex.c ****        429xx/439xx devices contains the following additional features :
  17:Drivers/STM32F4xx_HAL_Driver/Src/stm32f4xx_hal_i2c_ex.c ****        
  18:Drivers/STM32F4xx_HAL_Driver/Src/stm32f4xx_hal_i2c_ex.c ****        (+) Possibility to disable or enable Analog Noise Filter
  19:Drivers/STM32F4xx_HAL_Driver/Src/stm32f4xx_hal_i2c_ex.c ****        (+) Use of a configured Digital Noise Filter
  20:Drivers/STM32F4xx_HAL_Driver/Src/stm32f4xx_hal_i2c_ex.c ****    
  21:Drivers/STM32F4xx_HAL_Driver/Src/stm32f4xx_hal_i2c_ex.c ****                      ##### How to use this driver #####
  22:Drivers/STM32F4xx_HAL_Driver/Src/stm32f4xx_hal_i2c_ex.c ****   ==============================================================================
  23:Drivers/STM32F4xx_HAL_Driver/Src/stm32f4xx_hal_i2c_ex.c ****   [..] This driver provides functions to configure Noise Filter
  24:Drivers/STM32F4xx_HAL_Driver/Src/stm32f4xx_hal_i2c_ex.c ****     (#) Configure I2C Analog noise filter using the function HAL_I2C_AnalogFilter_Config()
  25:Drivers/STM32F4xx_HAL_Driver/Src/stm32f4xx_hal_i2c_ex.c ****     (#) Configure I2C Digital noise filter using the function HAL_I2C_DigitalFilter_Config()
  26:Drivers/STM32F4xx_HAL_Driver/Src/stm32f4xx_hal_i2c_ex.c ****   
  27:Drivers/STM32F4xx_HAL_Driver/Src/stm32f4xx_hal_i2c_ex.c ****   @endverbatim
  28:Drivers/STM32F4xx_HAL_Driver/Src/stm32f4xx_hal_i2c_ex.c ****   ******************************************************************************
  29:Drivers/STM32F4xx_HAL_Driver/Src/stm32f4xx_hal_i2c_ex.c ****   * @attention
  30:Drivers/STM32F4xx_HAL_Driver/Src/stm32f4xx_hal_i2c_ex.c ****   *
ARM GAS  /var/folders/ck/4xtm3skj1ssb0w4rn7_4q_gw0000gn/T//ccqeg20g.s 			page 2


  31:Drivers/STM32F4xx_HAL_Driver/Src/stm32f4xx_hal_i2c_ex.c ****   * <h2><center>&copy; COPYRIGHT(c) 2017 STMicroelectronics</center></h2>
  32:Drivers/STM32F4xx_HAL_Driver/Src/stm32f4xx_hal_i2c_ex.c ****   *
  33:Drivers/STM32F4xx_HAL_Driver/Src/stm32f4xx_hal_i2c_ex.c ****   * Redistribution and use in source and binary forms, with or without modification,
  34:Drivers/STM32F4xx_HAL_Driver/Src/stm32f4xx_hal_i2c_ex.c ****   * are permitted provided that the following conditions are met:
  35:Drivers/STM32F4xx_HAL_Driver/Src/stm32f4xx_hal_i2c_ex.c ****   *   1. Redistributions of source code must retain the above copyright notice,
  36:Drivers/STM32F4xx_HAL_Driver/Src/stm32f4xx_hal_i2c_ex.c ****   *      this list of conditions and the following disclaimer.
  37:Drivers/STM32F4xx_HAL_Driver/Src/stm32f4xx_hal_i2c_ex.c ****   *   2. Redistributions in binary form must reproduce the above copyright notice,
  38:Drivers/STM32F4xx_HAL_Driver/Src/stm32f4xx_hal_i2c_ex.c ****   *      this list of conditions and the following disclaimer in the documentation
  39:Drivers/STM32F4xx_HAL_Driver/Src/stm32f4xx_hal_i2c_ex.c ****   *      and/or other materials provided with the distribution.
  40:Drivers/STM32F4xx_HAL_Driver/Src/stm32f4xx_hal_i2c_ex.c ****   *   3. Neither the name of STMicroelectronics nor the names of its contributors
  41:Drivers/STM32F4xx_HAL_Driver/Src/stm32f4xx_hal_i2c_ex.c ****   *      may be used to endorse or promote products derived from this software
  42:Drivers/STM32F4xx_HAL_Driver/Src/stm32f4xx_hal_i2c_ex.c ****   *      without specific prior written permission.
  43:Drivers/STM32F4xx_HAL_Driver/Src/stm32f4xx_hal_i2c_ex.c ****   *
  44:Drivers/STM32F4xx_HAL_Driver/Src/stm32f4xx_hal_i2c_ex.c ****   * THIS SOFTWARE IS PROVIDED BY THE COPYRIGHT HOLDERS AND CONTRIBUTORS "AS IS"
  45:Drivers/STM32F4xx_HAL_Driver/Src/stm32f4xx_hal_i2c_ex.c ****   * AND ANY EXPRESS OR IMPLIED WARRANTIES, INCLUDING, BUT NOT LIMITED TO, THE
  46:Drivers/STM32F4xx_HAL_Driver/Src/stm32f4xx_hal_i2c_ex.c ****   * IMPLIED WARRANTIES OF MERCHANTABILITY AND FITNESS FOR A PARTICULAR PURPOSE ARE
  47:Drivers/STM32F4xx_HAL_Driver/Src/stm32f4xx_hal_i2c_ex.c ****   * DISCLAIMED. IN NO EVENT SHALL THE COPYRIGHT HOLDER OR CONTRIBUTORS BE LIABLE
  48:Drivers/STM32F4xx_HAL_Driver/Src/stm32f4xx_hal_i2c_ex.c ****   * FOR ANY DIRECT, INDIRECT, INCIDENTAL, SPECIAL, EXEMPLARY, OR CONSEQUENTIAL
  49:Drivers/STM32F4xx_HAL_Driver/Src/stm32f4xx_hal_i2c_ex.c ****   * DAMAGES (INCLUDING, BUT NOT LIMITED TO, PROCUREMENT OF SUBSTITUTE GOODS OR
  50:Drivers/STM32F4xx_HAL_Driver/Src/stm32f4xx_hal_i2c_ex.c ****   * SERVICES; LOSS OF USE, DATA, OR PROFITS; OR BUSINESS INTERRUPTION) HOWEVER
  51:Drivers/STM32F4xx_HAL_Driver/Src/stm32f4xx_hal_i2c_ex.c ****   * CAUSED AND ON ANY THEORY OF LIABILITY, WHETHER IN CONTRACT, STRICT LIABILITY,
  52:Drivers/STM32F4xx_HAL_Driver/Src/stm32f4xx_hal_i2c_ex.c ****   * OR TORT (INCLUDING NEGLIGENCE OR OTHERWISE) ARISING IN ANY WAY OUT OF THE USE
  53:Drivers/STM32F4xx_HAL_Driver/Src/stm32f4xx_hal_i2c_ex.c ****   * OF THIS SOFTWARE, EVEN IF ADVISED OF THE POSSIBILITY OF SUCH DAMAGE.
  54:Drivers/STM32F4xx_HAL_Driver/Src/stm32f4xx_hal_i2c_ex.c ****   *
  55:Drivers/STM32F4xx_HAL_Driver/Src/stm32f4xx_hal_i2c_ex.c ****   ******************************************************************************
  56:Drivers/STM32F4xx_HAL_Driver/Src/stm32f4xx_hal_i2c_ex.c ****   */ 
  57:Drivers/STM32F4xx_HAL_Driver/Src/stm32f4xx_hal_i2c_ex.c **** 
  58:Drivers/STM32F4xx_HAL_Driver/Src/stm32f4xx_hal_i2c_ex.c **** /* Includes ------------------------------------------------------------------*/
  59:Drivers/STM32F4xx_HAL_Driver/Src/stm32f4xx_hal_i2c_ex.c **** #include "stm32f4xx_hal.h"
  60:Drivers/STM32F4xx_HAL_Driver/Src/stm32f4xx_hal_i2c_ex.c **** 
  61:Drivers/STM32F4xx_HAL_Driver/Src/stm32f4xx_hal_i2c_ex.c **** /** @addtogroup STM32F4xx_HAL_Driver
  62:Drivers/STM32F4xx_HAL_Driver/Src/stm32f4xx_hal_i2c_ex.c ****   * @{
  63:Drivers/STM32F4xx_HAL_Driver/Src/stm32f4xx_hal_i2c_ex.c ****   */
  64:Drivers/STM32F4xx_HAL_Driver/Src/stm32f4xx_hal_i2c_ex.c **** 
  65:Drivers/STM32F4xx_HAL_Driver/Src/stm32f4xx_hal_i2c_ex.c **** /** @defgroup I2CEx I2CEx
  66:Drivers/STM32F4xx_HAL_Driver/Src/stm32f4xx_hal_i2c_ex.c ****   * @brief I2C HAL module driver
  67:Drivers/STM32F4xx_HAL_Driver/Src/stm32f4xx_hal_i2c_ex.c ****   * @{
  68:Drivers/STM32F4xx_HAL_Driver/Src/stm32f4xx_hal_i2c_ex.c ****   */
  69:Drivers/STM32F4xx_HAL_Driver/Src/stm32f4xx_hal_i2c_ex.c **** 
  70:Drivers/STM32F4xx_HAL_Driver/Src/stm32f4xx_hal_i2c_ex.c **** #ifdef HAL_I2C_MODULE_ENABLED
  71:Drivers/STM32F4xx_HAL_Driver/Src/stm32f4xx_hal_i2c_ex.c **** 
  72:Drivers/STM32F4xx_HAL_Driver/Src/stm32f4xx_hal_i2c_ex.c **** #if defined(STM32F427xx) || defined(STM32F437xx) || defined(STM32F429xx) || defined(STM32F439xx) ||
  73:Drivers/STM32F4xx_HAL_Driver/Src/stm32f4xx_hal_i2c_ex.c ****     defined(STM32F401xC) || defined(STM32F401xE) || defined(STM32F411xE) || defined(STM32F446xx) ||
  74:Drivers/STM32F4xx_HAL_Driver/Src/stm32f4xx_hal_i2c_ex.c ****     defined(STM32F469xx) || defined(STM32F479xx) || defined(STM32F413xx) || defined(STM32F423xx)
  75:Drivers/STM32F4xx_HAL_Driver/Src/stm32f4xx_hal_i2c_ex.c **** /* Private typedef -----------------------------------------------------------*/
  76:Drivers/STM32F4xx_HAL_Driver/Src/stm32f4xx_hal_i2c_ex.c **** /* Private define ------------------------------------------------------------*/
  77:Drivers/STM32F4xx_HAL_Driver/Src/stm32f4xx_hal_i2c_ex.c **** /* Private macro -------------------------------------------------------------*/
  78:Drivers/STM32F4xx_HAL_Driver/Src/stm32f4xx_hal_i2c_ex.c **** /* Private variables ---------------------------------------------------------*/
  79:Drivers/STM32F4xx_HAL_Driver/Src/stm32f4xx_hal_i2c_ex.c **** /* Private function prototypes -----------------------------------------------*/
  80:Drivers/STM32F4xx_HAL_Driver/Src/stm32f4xx_hal_i2c_ex.c **** /* Exported functions --------------------------------------------------------*/
  81:Drivers/STM32F4xx_HAL_Driver/Src/stm32f4xx_hal_i2c_ex.c **** /** @defgroup I2CEx_Exported_Functions I2C Exported Functions
  82:Drivers/STM32F4xx_HAL_Driver/Src/stm32f4xx_hal_i2c_ex.c ****   * @{
  83:Drivers/STM32F4xx_HAL_Driver/Src/stm32f4xx_hal_i2c_ex.c ****   */
  84:Drivers/STM32F4xx_HAL_Driver/Src/stm32f4xx_hal_i2c_ex.c **** 
  85:Drivers/STM32F4xx_HAL_Driver/Src/stm32f4xx_hal_i2c_ex.c **** 
  86:Drivers/STM32F4xx_HAL_Driver/Src/stm32f4xx_hal_i2c_ex.c **** /** @defgroup I2CEx_Exported_Functions_Group1 Extension features functions 
  87:Drivers/STM32F4xx_HAL_Driver/Src/stm32f4xx_hal_i2c_ex.c ****  *  @brief   Extension features functions 
ARM GAS  /var/folders/ck/4xtm3skj1ssb0w4rn7_4q_gw0000gn/T//ccqeg20g.s 			page 3


  88:Drivers/STM32F4xx_HAL_Driver/Src/stm32f4xx_hal_i2c_ex.c ****  *
  89:Drivers/STM32F4xx_HAL_Driver/Src/stm32f4xx_hal_i2c_ex.c **** @verbatim   
  90:Drivers/STM32F4xx_HAL_Driver/Src/stm32f4xx_hal_i2c_ex.c ****  ===============================================================================
  91:Drivers/STM32F4xx_HAL_Driver/Src/stm32f4xx_hal_i2c_ex.c ****                       ##### Extension features functions #####
  92:Drivers/STM32F4xx_HAL_Driver/Src/stm32f4xx_hal_i2c_ex.c ****  ===============================================================================  
  93:Drivers/STM32F4xx_HAL_Driver/Src/stm32f4xx_hal_i2c_ex.c ****     [..] This section provides functions allowing to:
  94:Drivers/STM32F4xx_HAL_Driver/Src/stm32f4xx_hal_i2c_ex.c ****       (+) Configure Noise Filters 
  95:Drivers/STM32F4xx_HAL_Driver/Src/stm32f4xx_hal_i2c_ex.c **** 
  96:Drivers/STM32F4xx_HAL_Driver/Src/stm32f4xx_hal_i2c_ex.c **** @endverbatim
  97:Drivers/STM32F4xx_HAL_Driver/Src/stm32f4xx_hal_i2c_ex.c ****   * @{
  98:Drivers/STM32F4xx_HAL_Driver/Src/stm32f4xx_hal_i2c_ex.c ****   */
  99:Drivers/STM32F4xx_HAL_Driver/Src/stm32f4xx_hal_i2c_ex.c ****   
 100:Drivers/STM32F4xx_HAL_Driver/Src/stm32f4xx_hal_i2c_ex.c **** /**
 101:Drivers/STM32F4xx_HAL_Driver/Src/stm32f4xx_hal_i2c_ex.c ****   * @brief  Configures I2C Analog noise filter. 
 102:Drivers/STM32F4xx_HAL_Driver/Src/stm32f4xx_hal_i2c_ex.c ****   * @param  hi2c pointer to a I2C_HandleTypeDef structure that contains
 103:Drivers/STM32F4xx_HAL_Driver/Src/stm32f4xx_hal_i2c_ex.c ****   *                the configuration information for the specified I2Cx peripheral.
 104:Drivers/STM32F4xx_HAL_Driver/Src/stm32f4xx_hal_i2c_ex.c ****   * @param  AnalogFilter new state of the Analog filter.
 105:Drivers/STM32F4xx_HAL_Driver/Src/stm32f4xx_hal_i2c_ex.c ****   * @retval HAL status
 106:Drivers/STM32F4xx_HAL_Driver/Src/stm32f4xx_hal_i2c_ex.c ****   */
 107:Drivers/STM32F4xx_HAL_Driver/Src/stm32f4xx_hal_i2c_ex.c **** HAL_StatusTypeDef HAL_I2CEx_ConfigAnalogFilter(I2C_HandleTypeDef *hi2c, uint32_t AnalogFilter)
 108:Drivers/STM32F4xx_HAL_Driver/Src/stm32f4xx_hal_i2c_ex.c **** {
  29              		.loc 1 108 0
  30              		.cfi_startproc
  31              		@ args = 0, pretend = 0, frame = 8
  32              		@ frame_needed = 1, uses_anonymous_args = 0
  33              		@ link register save eliminated.
  34 0000 80B4     		push	{r7}
  35              	.LCFI0:
  36              		.cfi_def_cfa_offset 4
  37              		.cfi_offset 7, -4
  38 0002 83B0     		sub	sp, sp, #12
  39              	.LCFI1:
  40              		.cfi_def_cfa_offset 16
  41 0004 00AF     		add	r7, sp, #0
  42              	.LCFI2:
  43              		.cfi_def_cfa_register 7
  44 0006 7860     		str	r0, [r7, #4]
  45 0008 3960     		str	r1, [r7]
 109:Drivers/STM32F4xx_HAL_Driver/Src/stm32f4xx_hal_i2c_ex.c ****   /* Check the parameters */
 110:Drivers/STM32F4xx_HAL_Driver/Src/stm32f4xx_hal_i2c_ex.c ****   assert_param(IS_I2C_ALL_INSTANCE(hi2c->Instance));
 111:Drivers/STM32F4xx_HAL_Driver/Src/stm32f4xx_hal_i2c_ex.c ****   assert_param(IS_I2C_ANALOG_FILTER(AnalogFilter));
 112:Drivers/STM32F4xx_HAL_Driver/Src/stm32f4xx_hal_i2c_ex.c ****   
 113:Drivers/STM32F4xx_HAL_Driver/Src/stm32f4xx_hal_i2c_ex.c ****   if(hi2c->State == HAL_I2C_STATE_READY)
  46              		.loc 1 113 0
  47 000a 7B68     		ldr	r3, [r7, #4]
  48 000c 93F83D30 		ldrb	r3, [r3, #61]
  49 0010 DBB2     		uxtb	r3, r3
  50 0012 202B     		cmp	r3, #32
  51 0014 29D1     		bne	.L2
 114:Drivers/STM32F4xx_HAL_Driver/Src/stm32f4xx_hal_i2c_ex.c ****   {
 115:Drivers/STM32F4xx_HAL_Driver/Src/stm32f4xx_hal_i2c_ex.c ****     hi2c->State = HAL_I2C_STATE_BUSY;
  52              		.loc 1 115 0
  53 0016 7B68     		ldr	r3, [r7, #4]
  54 0018 2422     		movs	r2, #36
  55 001a 83F83D20 		strb	r2, [r3, #61]
 116:Drivers/STM32F4xx_HAL_Driver/Src/stm32f4xx_hal_i2c_ex.c **** 
 117:Drivers/STM32F4xx_HAL_Driver/Src/stm32f4xx_hal_i2c_ex.c ****     /* Disable the selected I2C peripheral */
ARM GAS  /var/folders/ck/4xtm3skj1ssb0w4rn7_4q_gw0000gn/T//ccqeg20g.s 			page 4


 118:Drivers/STM32F4xx_HAL_Driver/Src/stm32f4xx_hal_i2c_ex.c ****     __HAL_I2C_DISABLE(hi2c);    
  56              		.loc 1 118 0
  57 001e 7B68     		ldr	r3, [r7, #4]
  58 0020 1B68     		ldr	r3, [r3]
  59 0022 7A68     		ldr	r2, [r7, #4]
  60 0024 1268     		ldr	r2, [r2]
  61 0026 1268     		ldr	r2, [r2]
  62 0028 22F00102 		bic	r2, r2, #1
  63 002c 1A60     		str	r2, [r3]
 119:Drivers/STM32F4xx_HAL_Driver/Src/stm32f4xx_hal_i2c_ex.c **** 
 120:Drivers/STM32F4xx_HAL_Driver/Src/stm32f4xx_hal_i2c_ex.c ****     /* Reset I2Cx ANOFF bit */
 121:Drivers/STM32F4xx_HAL_Driver/Src/stm32f4xx_hal_i2c_ex.c ****     hi2c->Instance->FLTR &= ~(I2C_FLTR_ANOFF);
  64              		.loc 1 121 0
  65 002e 7B68     		ldr	r3, [r7, #4]
  66 0030 1B68     		ldr	r3, [r3]
  67 0032 7A68     		ldr	r2, [r7, #4]
  68 0034 1268     		ldr	r2, [r2]
  69 0036 526A     		ldr	r2, [r2, #36]
  70 0038 22F01002 		bic	r2, r2, #16
  71 003c 5A62     		str	r2, [r3, #36]
 122:Drivers/STM32F4xx_HAL_Driver/Src/stm32f4xx_hal_i2c_ex.c **** 
 123:Drivers/STM32F4xx_HAL_Driver/Src/stm32f4xx_hal_i2c_ex.c ****     /* Disable the analog filter */
 124:Drivers/STM32F4xx_HAL_Driver/Src/stm32f4xx_hal_i2c_ex.c ****     hi2c->Instance->FLTR |= AnalogFilter;
  72              		.loc 1 124 0
  73 003e 7B68     		ldr	r3, [r7, #4]
  74 0040 1B68     		ldr	r3, [r3]
  75 0042 7A68     		ldr	r2, [r7, #4]
  76 0044 1268     		ldr	r2, [r2]
  77 0046 516A     		ldr	r1, [r2, #36]
  78 0048 3A68     		ldr	r2, [r7]
  79 004a 0A43     		orrs	r2, r2, r1
  80 004c 5A62     		str	r2, [r3, #36]
 125:Drivers/STM32F4xx_HAL_Driver/Src/stm32f4xx_hal_i2c_ex.c **** 
 126:Drivers/STM32F4xx_HAL_Driver/Src/stm32f4xx_hal_i2c_ex.c ****     __HAL_I2C_ENABLE(hi2c); 
  81              		.loc 1 126 0
  82 004e 7B68     		ldr	r3, [r7, #4]
  83 0050 1B68     		ldr	r3, [r3]
  84 0052 7A68     		ldr	r2, [r7, #4]
  85 0054 1268     		ldr	r2, [r2]
  86 0056 1268     		ldr	r2, [r2]
  87 0058 42F00102 		orr	r2, r2, #1
  88 005c 1A60     		str	r2, [r3]
 127:Drivers/STM32F4xx_HAL_Driver/Src/stm32f4xx_hal_i2c_ex.c **** 
 128:Drivers/STM32F4xx_HAL_Driver/Src/stm32f4xx_hal_i2c_ex.c ****     hi2c->State = HAL_I2C_STATE_READY;
  89              		.loc 1 128 0
  90 005e 7B68     		ldr	r3, [r7, #4]
  91 0060 2022     		movs	r2, #32
  92 0062 83F83D20 		strb	r2, [r3, #61]
 129:Drivers/STM32F4xx_HAL_Driver/Src/stm32f4xx_hal_i2c_ex.c **** 
 130:Drivers/STM32F4xx_HAL_Driver/Src/stm32f4xx_hal_i2c_ex.c ****     return HAL_OK;
  93              		.loc 1 130 0
  94 0066 0023     		movs	r3, #0
  95 0068 00E0     		b	.L3
  96              	.L2:
 131:Drivers/STM32F4xx_HAL_Driver/Src/stm32f4xx_hal_i2c_ex.c ****   }
 132:Drivers/STM32F4xx_HAL_Driver/Src/stm32f4xx_hal_i2c_ex.c ****   else
 133:Drivers/STM32F4xx_HAL_Driver/Src/stm32f4xx_hal_i2c_ex.c ****   {
ARM GAS  /var/folders/ck/4xtm3skj1ssb0w4rn7_4q_gw0000gn/T//ccqeg20g.s 			page 5


 134:Drivers/STM32F4xx_HAL_Driver/Src/stm32f4xx_hal_i2c_ex.c ****     return HAL_BUSY;
  97              		.loc 1 134 0
  98 006a 0223     		movs	r3, #2
  99              	.L3:
 135:Drivers/STM32F4xx_HAL_Driver/Src/stm32f4xx_hal_i2c_ex.c ****   }
 136:Drivers/STM32F4xx_HAL_Driver/Src/stm32f4xx_hal_i2c_ex.c **** }
 100              		.loc 1 136 0
 101 006c 1846     		mov	r0, r3
 102 006e 0C37     		adds	r7, r7, #12
 103              	.LCFI3:
 104              		.cfi_def_cfa_offset 4
 105 0070 BD46     		mov	sp, r7
 106              	.LCFI4:
 107              		.cfi_def_cfa_register 13
 108              		@ sp needed
 109 0072 5DF8047B 		ldr	r7, [sp], #4
 110              	.LCFI5:
 111              		.cfi_restore 7
 112              		.cfi_def_cfa_offset 0
 113 0076 7047     		bx	lr
 114              		.cfi_endproc
 115              	.LFE123:
 117              		.section	.text.HAL_I2CEx_ConfigDigitalFilter,"ax",%progbits
 118              		.align	2
 119              		.global	HAL_I2CEx_ConfigDigitalFilter
 120              		.thumb
 121              		.thumb_func
 123              	HAL_I2CEx_ConfigDigitalFilter:
 124              	.LFB124:
 137:Drivers/STM32F4xx_HAL_Driver/Src/stm32f4xx_hal_i2c_ex.c **** 
 138:Drivers/STM32F4xx_HAL_Driver/Src/stm32f4xx_hal_i2c_ex.c **** /**
 139:Drivers/STM32F4xx_HAL_Driver/Src/stm32f4xx_hal_i2c_ex.c ****   * @brief  Configures I2C Digital noise filter. 
 140:Drivers/STM32F4xx_HAL_Driver/Src/stm32f4xx_hal_i2c_ex.c ****   * @param  hi2c pointer to a I2C_HandleTypeDef structure that contains
 141:Drivers/STM32F4xx_HAL_Driver/Src/stm32f4xx_hal_i2c_ex.c ****   *                the configuration information for the specified I2Cx peripheral.
 142:Drivers/STM32F4xx_HAL_Driver/Src/stm32f4xx_hal_i2c_ex.c ****   * @param  DigitalFilter Coefficient of digital noise filter between 0x00 and 0x0F.
 143:Drivers/STM32F4xx_HAL_Driver/Src/stm32f4xx_hal_i2c_ex.c ****   * @retval HAL status
 144:Drivers/STM32F4xx_HAL_Driver/Src/stm32f4xx_hal_i2c_ex.c ****   */
 145:Drivers/STM32F4xx_HAL_Driver/Src/stm32f4xx_hal_i2c_ex.c **** HAL_StatusTypeDef HAL_I2CEx_ConfigDigitalFilter(I2C_HandleTypeDef *hi2c, uint32_t DigitalFilter)
 146:Drivers/STM32F4xx_HAL_Driver/Src/stm32f4xx_hal_i2c_ex.c **** {
 125              		.loc 1 146 0
 126              		.cfi_startproc
 127              		@ args = 0, pretend = 0, frame = 16
 128              		@ frame_needed = 1, uses_anonymous_args = 0
 129              		@ link register save eliminated.
 130 0000 80B4     		push	{r7}
 131              	.LCFI6:
 132              		.cfi_def_cfa_offset 4
 133              		.cfi_offset 7, -4
 134 0002 85B0     		sub	sp, sp, #20
 135              	.LCFI7:
 136              		.cfi_def_cfa_offset 24
 137 0004 00AF     		add	r7, sp, #0
 138              	.LCFI8:
 139              		.cfi_def_cfa_register 7
 140 0006 7860     		str	r0, [r7, #4]
 141 0008 3960     		str	r1, [r7]
 147:Drivers/STM32F4xx_HAL_Driver/Src/stm32f4xx_hal_i2c_ex.c ****   uint16_t tmpreg = 0;
ARM GAS  /var/folders/ck/4xtm3skj1ssb0w4rn7_4q_gw0000gn/T//ccqeg20g.s 			page 6


 142              		.loc 1 147 0
 143 000a 0023     		movs	r3, #0
 144 000c FB81     		strh	r3, [r7, #14]	@ movhi
 148:Drivers/STM32F4xx_HAL_Driver/Src/stm32f4xx_hal_i2c_ex.c **** 
 149:Drivers/STM32F4xx_HAL_Driver/Src/stm32f4xx_hal_i2c_ex.c ****   /* Check the parameters */
 150:Drivers/STM32F4xx_HAL_Driver/Src/stm32f4xx_hal_i2c_ex.c ****   assert_param(IS_I2C_ALL_INSTANCE(hi2c->Instance));
 151:Drivers/STM32F4xx_HAL_Driver/Src/stm32f4xx_hal_i2c_ex.c ****   assert_param(IS_I2C_DIGITAL_FILTER(DigitalFilter));
 152:Drivers/STM32F4xx_HAL_Driver/Src/stm32f4xx_hal_i2c_ex.c ****   
 153:Drivers/STM32F4xx_HAL_Driver/Src/stm32f4xx_hal_i2c_ex.c ****   if(hi2c->State == HAL_I2C_STATE_READY)
 145              		.loc 1 153 0
 146 000e 7B68     		ldr	r3, [r7, #4]
 147 0010 93F83D30 		ldrb	r3, [r3, #61]
 148 0014 DBB2     		uxtb	r3, r3
 149 0016 202B     		cmp	r3, #32
 150 0018 2AD1     		bne	.L5
 154:Drivers/STM32F4xx_HAL_Driver/Src/stm32f4xx_hal_i2c_ex.c ****   {
 155:Drivers/STM32F4xx_HAL_Driver/Src/stm32f4xx_hal_i2c_ex.c ****     hi2c->State = HAL_I2C_STATE_BUSY;
 151              		.loc 1 155 0
 152 001a 7B68     		ldr	r3, [r7, #4]
 153 001c 2422     		movs	r2, #36
 154 001e 83F83D20 		strb	r2, [r3, #61]
 156:Drivers/STM32F4xx_HAL_Driver/Src/stm32f4xx_hal_i2c_ex.c ****     
 157:Drivers/STM32F4xx_HAL_Driver/Src/stm32f4xx_hal_i2c_ex.c ****     /* Disable the selected I2C peripheral */
 158:Drivers/STM32F4xx_HAL_Driver/Src/stm32f4xx_hal_i2c_ex.c ****     __HAL_I2C_DISABLE(hi2c);  
 155              		.loc 1 158 0
 156 0022 7B68     		ldr	r3, [r7, #4]
 157 0024 1B68     		ldr	r3, [r3]
 158 0026 7A68     		ldr	r2, [r7, #4]
 159 0028 1268     		ldr	r2, [r2]
 160 002a 1268     		ldr	r2, [r2]
 161 002c 22F00102 		bic	r2, r2, #1
 162 0030 1A60     		str	r2, [r3]
 159:Drivers/STM32F4xx_HAL_Driver/Src/stm32f4xx_hal_i2c_ex.c ****     
 160:Drivers/STM32F4xx_HAL_Driver/Src/stm32f4xx_hal_i2c_ex.c ****     /* Get the old register value */
 161:Drivers/STM32F4xx_HAL_Driver/Src/stm32f4xx_hal_i2c_ex.c ****     tmpreg = hi2c->Instance->FLTR;
 163              		.loc 1 161 0
 164 0032 7B68     		ldr	r3, [r7, #4]
 165 0034 1B68     		ldr	r3, [r3]
 166 0036 5B6A     		ldr	r3, [r3, #36]
 167 0038 FB81     		strh	r3, [r7, #14]	@ movhi
 162:Drivers/STM32F4xx_HAL_Driver/Src/stm32f4xx_hal_i2c_ex.c ****     
 163:Drivers/STM32F4xx_HAL_Driver/Src/stm32f4xx_hal_i2c_ex.c ****     /* Reset I2Cx DNF bit [3:0] */
 164:Drivers/STM32F4xx_HAL_Driver/Src/stm32f4xx_hal_i2c_ex.c ****     tmpreg &= ~(I2C_FLTR_DNF);
 168              		.loc 1 164 0
 169 003a FB89     		ldrh	r3, [r7, #14]	@ movhi
 170 003c 23F00F03 		bic	r3, r3, #15
 171 0040 FB81     		strh	r3, [r7, #14]	@ movhi
 165:Drivers/STM32F4xx_HAL_Driver/Src/stm32f4xx_hal_i2c_ex.c ****     
 166:Drivers/STM32F4xx_HAL_Driver/Src/stm32f4xx_hal_i2c_ex.c ****     /* Set I2Cx DNF coefficient */
 167:Drivers/STM32F4xx_HAL_Driver/Src/stm32f4xx_hal_i2c_ex.c ****     tmpreg |= DigitalFilter;
 172              		.loc 1 167 0
 173 0042 3B68     		ldr	r3, [r7]
 174 0044 9AB2     		uxth	r2, r3
 175 0046 FB89     		ldrh	r3, [r7, #14]	@ movhi
 176 0048 1343     		orrs	r3, r3, r2
 177 004a FB81     		strh	r3, [r7, #14]	@ movhi
 168:Drivers/STM32F4xx_HAL_Driver/Src/stm32f4xx_hal_i2c_ex.c ****     
ARM GAS  /var/folders/ck/4xtm3skj1ssb0w4rn7_4q_gw0000gn/T//ccqeg20g.s 			page 7


 169:Drivers/STM32F4xx_HAL_Driver/Src/stm32f4xx_hal_i2c_ex.c ****     /* Store the new register value */
 170:Drivers/STM32F4xx_HAL_Driver/Src/stm32f4xx_hal_i2c_ex.c ****     hi2c->Instance->FLTR = tmpreg;
 178              		.loc 1 170 0
 179 004c 7B68     		ldr	r3, [r7, #4]
 180 004e 1B68     		ldr	r3, [r3]
 181 0050 FA89     		ldrh	r2, [r7, #14]
 182 0052 5A62     		str	r2, [r3, #36]
 171:Drivers/STM32F4xx_HAL_Driver/Src/stm32f4xx_hal_i2c_ex.c ****     
 172:Drivers/STM32F4xx_HAL_Driver/Src/stm32f4xx_hal_i2c_ex.c ****     __HAL_I2C_ENABLE(hi2c); 
 183              		.loc 1 172 0
 184 0054 7B68     		ldr	r3, [r7, #4]
 185 0056 1B68     		ldr	r3, [r3]
 186 0058 7A68     		ldr	r2, [r7, #4]
 187 005a 1268     		ldr	r2, [r2]
 188 005c 1268     		ldr	r2, [r2]
 189 005e 42F00102 		orr	r2, r2, #1
 190 0062 1A60     		str	r2, [r3]
 173:Drivers/STM32F4xx_HAL_Driver/Src/stm32f4xx_hal_i2c_ex.c ****     
 174:Drivers/STM32F4xx_HAL_Driver/Src/stm32f4xx_hal_i2c_ex.c ****     hi2c->State = HAL_I2C_STATE_READY;
 191              		.loc 1 174 0
 192 0064 7B68     		ldr	r3, [r7, #4]
 193 0066 2022     		movs	r2, #32
 194 0068 83F83D20 		strb	r2, [r3, #61]
 175:Drivers/STM32F4xx_HAL_Driver/Src/stm32f4xx_hal_i2c_ex.c ****     
 176:Drivers/STM32F4xx_HAL_Driver/Src/stm32f4xx_hal_i2c_ex.c ****     return HAL_OK; 
 195              		.loc 1 176 0
 196 006c 0023     		movs	r3, #0
 197 006e 00E0     		b	.L6
 198              	.L5:
 177:Drivers/STM32F4xx_HAL_Driver/Src/stm32f4xx_hal_i2c_ex.c ****   }
 178:Drivers/STM32F4xx_HAL_Driver/Src/stm32f4xx_hal_i2c_ex.c ****   else
 179:Drivers/STM32F4xx_HAL_Driver/Src/stm32f4xx_hal_i2c_ex.c ****   {
 180:Drivers/STM32F4xx_HAL_Driver/Src/stm32f4xx_hal_i2c_ex.c ****     return HAL_BUSY; 
 199              		.loc 1 180 0
 200 0070 0223     		movs	r3, #2
 201              	.L6:
 181:Drivers/STM32F4xx_HAL_Driver/Src/stm32f4xx_hal_i2c_ex.c ****   }
 182:Drivers/STM32F4xx_HAL_Driver/Src/stm32f4xx_hal_i2c_ex.c **** }  
 202              		.loc 1 182 0
 203 0072 1846     		mov	r0, r3
 204 0074 1437     		adds	r7, r7, #20
 205              	.LCFI9:
 206              		.cfi_def_cfa_offset 4
 207 0076 BD46     		mov	sp, r7
 208              	.LCFI10:
 209              		.cfi_def_cfa_register 13
 210              		@ sp needed
 211 0078 5DF8047B 		ldr	r7, [sp], #4
 212              	.LCFI11:
 213              		.cfi_restore 7
 214              		.cfi_def_cfa_offset 0
 215 007c 7047     		bx	lr
 216              		.cfi_endproc
 217              	.LFE124:
 219 007e 00BF     		.text
 220              	.Letext0:
 221              		.file 2 "/usr/local/Cellar/arm-none-eabi-gcc/20150921/arm-none-eabi/include/machine/_default_types
ARM GAS  /var/folders/ck/4xtm3skj1ssb0w4rn7_4q_gw0000gn/T//ccqeg20g.s 			page 8


 222              		.file 3 "/usr/local/Cellar/arm-none-eabi-gcc/20150921/arm-none-eabi/include/sys/_stdint.h"
 223              		.file 4 "Drivers/CMSIS/Device/ST/STM32F4xx/Include/stm32f401xe.h"
 224              		.file 5 "Drivers/STM32F4xx_HAL_Driver/Inc/stm32f4xx_hal_def.h"
 225              		.file 6 "Drivers/STM32F4xx_HAL_Driver/Inc/stm32f4xx_hal_dma.h"
 226              		.file 7 "Drivers/STM32F4xx_HAL_Driver/Inc/stm32f4xx_hal_i2c.h"
 227              		.file 8 "Drivers/CMSIS/Include/core_cm4.h"
ARM GAS  /var/folders/ck/4xtm3skj1ssb0w4rn7_4q_gw0000gn/T//ccqeg20g.s 			page 9


DEFINED SYMBOLS
                            *ABS*:0000000000000000 stm32f4xx_hal_i2c_ex.c
/var/folders/ck/4xtm3skj1ssb0w4rn7_4q_gw0000gn/T//ccqeg20g.s:21     .text.HAL_I2CEx_ConfigAnalogFilter:0000000000000000 $t
/var/folders/ck/4xtm3skj1ssb0w4rn7_4q_gw0000gn/T//ccqeg20g.s:26     .text.HAL_I2CEx_ConfigAnalogFilter:0000000000000000 HAL_I2CEx_ConfigAnalogFilter
/var/folders/ck/4xtm3skj1ssb0w4rn7_4q_gw0000gn/T//ccqeg20g.s:118    .text.HAL_I2CEx_ConfigDigitalFilter:0000000000000000 $t
/var/folders/ck/4xtm3skj1ssb0w4rn7_4q_gw0000gn/T//ccqeg20g.s:123    .text.HAL_I2CEx_ConfigDigitalFilter:0000000000000000 HAL_I2CEx_ConfigDigitalFilter
                     .debug_frame:0000000000000010 $d

NO UNDEFINED SYMBOLS
